2026-02-18 12:50:05 | INFO     | === Запуск загрузки документации Python ===
2026-02-18 12:50:05 | INFO     | Каталог вывода: C:\Users\idv\Work\AI_Docs_Generator\AI_Docs_Generator\docs\00_PYTHON
2026-02-18 12:50:05 | INFO     | Файл состояния: C:\Users\idv\Work\AI_Docs_Generator\AI_Docs_Generator\docs\00_PYTHON\.fetch_state.json
2026-02-18 12:50:05 | INFO     | Загрузка оглавления: https://docs.python.org/3/contents.html
2026-02-18 12:50:06 | INFO     | Найдено страниц для загрузки: 462
2026-02-18 12:50:06 | INFO     | К пропуску (уже загружено): 0
2026-02-18 12:50:06 | INFO     | К загрузке: 462
2026-02-18 12:50:06 | DEBUG    | [1/462] Загрузка /bugs.html
2026-02-18 12:50:07 | INFO     | Сохранено: /bugs.html -> 99_OTHER\bugs.md
2026-02-18 12:50:07 | DEBUG    | [2/462] Загрузка /license.html
2026-02-18 12:50:07 | INFO     | Сохранено: /license.html -> 99_OTHER\license.md
2026-02-18 12:50:07 | DEBUG    | [3/462] Загрузка about.html
2026-02-18 12:50:07 | INFO     | Сохранено: about.html -> 99_OTHER\about.md
2026-02-18 12:50:07 | DEBUG    | [4/462] Загрузка bugs.html
2026-02-18 12:50:08 | INFO     | Сохранено: bugs.html -> 99_OTHER\bugs.md
2026-02-18 12:50:08 | DEBUG    | [5/462] Загрузка c-api/abstract.html
2026-02-18 12:50:08 | INFO     | Сохранено: c-api/abstract.html -> 10_CAPI\abstract.md
2026-02-18 12:50:08 | DEBUG    | [6/462] Загрузка c-api/allocation.html
2026-02-18 12:50:08 | INFO     | Сохранено: c-api/allocation.html -> 10_CAPI\allocation.md
2026-02-18 12:50:08 | DEBUG    | [7/462] Загрузка c-api/apiabiversion.html
2026-02-18 12:50:09 | INFO     | Сохранено: c-api/apiabiversion.html -> 10_CAPI\apiabiversion.md
2026-02-18 12:50:09 | DEBUG    | [8/462] Загрузка c-api/arg.html
2026-02-18 12:50:09 | INFO     | Сохранено: c-api/arg.html -> 10_CAPI\arg.md
2026-02-18 12:50:09 | DEBUG    | [9/462] Загрузка c-api/bool.html
2026-02-18 12:50:10 | INFO     | Сохранено: c-api/bool.html -> 10_CAPI\bool.md
2026-02-18 12:50:10 | DEBUG    | [10/462] Загрузка c-api/buffer.html
2026-02-18 12:50:10 | INFO     | Сохранено: c-api/buffer.html -> 10_CAPI\buffer.md
2026-02-18 12:50:10 | DEBUG    | [11/462] Загрузка c-api/bytearray.html
2026-02-18 12:50:11 | INFO     | Сохранено: c-api/bytearray.html -> 10_CAPI\bytearray.md
2026-02-18 12:50:11 | DEBUG    | [12/462] Загрузка c-api/bytes.html
2026-02-18 12:50:11 | INFO     | Сохранено: c-api/bytes.html -> 10_CAPI\bytes.md
2026-02-18 12:50:11 | DEBUG    | [13/462] Загрузка c-api/call.html
2026-02-18 12:50:11 | INFO     | Сохранено: c-api/call.html -> 10_CAPI\call.md
2026-02-18 12:50:11 | DEBUG    | [14/462] Загрузка c-api/capsule.html
2026-02-18 12:50:12 | INFO     | Сохранено: c-api/capsule.html -> 10_CAPI\capsule.md
2026-02-18 12:50:12 | DEBUG    | [15/462] Загрузка c-api/cell.html
2026-02-18 12:50:12 | INFO     | Сохранено: c-api/cell.html -> 10_CAPI\cell.md
2026-02-18 12:50:12 | DEBUG    | [16/462] Загрузка c-api/code.html
2026-02-18 12:50:12 | INFO     | Сохранено: c-api/code.html -> 10_CAPI\code.md
2026-02-18 12:50:12 | DEBUG    | [17/462] Загрузка c-api/codec.html
2026-02-18 12:50:13 | INFO     | Сохранено: c-api/codec.html -> 10_CAPI\codec.md
2026-02-18 12:50:13 | DEBUG    | [18/462] Загрузка c-api/complex.html
2026-02-18 12:50:13 | INFO     | Сохранено: c-api/complex.html -> 10_CAPI\complex.md
2026-02-18 12:50:13 | DEBUG    | [19/462] Загрузка c-api/concrete.html
2026-02-18 12:50:14 | INFO     | Сохранено: c-api/concrete.html -> 10_CAPI\concrete.md
2026-02-18 12:50:14 | DEBUG    | [20/462] Загрузка c-api/contextvars.html
2026-02-18 12:50:14 | INFO     | Сохранено: c-api/contextvars.html -> 10_CAPI\contextvars.md
2026-02-18 12:50:14 | DEBUG    | [21/462] Загрузка c-api/conversion.html
2026-02-18 12:50:14 | INFO     | Сохранено: c-api/conversion.html -> 10_CAPI\conversion.md
2026-02-18 12:50:14 | DEBUG    | [22/462] Загрузка c-api/coro.html
2026-02-18 12:50:15 | INFO     | Сохранено: c-api/coro.html -> 10_CAPI\coro.md
2026-02-18 12:50:15 | DEBUG    | [23/462] Загрузка c-api/curses.html
2026-02-18 12:50:15 | INFO     | Сохранено: c-api/curses.html -> 10_CAPI\curses.md
2026-02-18 12:50:15 | DEBUG    | [24/462] Загрузка c-api/datetime.html
2026-02-18 12:50:15 | WARNING  | Прервано пользователем (Ctrl+C). Текущий URL: c-api/datetime.html.
2026-02-18 12:50:15 | INFO     | Состояние сохранено. Повторный запуск возобновит с c-api/datetime.html
2026-02-18 12:50:45 | INFO     | === Запуск загрузки документации Python ===
2026-02-18 12:50:45 | INFO     | Каталог вывода: C:\Users\idv\Work\AI_Docs_Generator\AI_Docs_Generator\docs\00_PYTHON
2026-02-18 12:50:45 | INFO     | Файл состояния: C:\Users\idv\Work\AI_Docs_Generator\AI_Docs_Generator\docs\00_PYTHON\.fetch_state.json
2026-02-18 12:50:45 | INFO     | Загрузка оглавления: https://docs.python.org/3/contents.html
2026-02-18 12:50:46 | INFO     | Найдено страниц для загрузки: 462
2026-02-18 12:50:46 | INFO     | К пропуску (уже загружено): 23
2026-02-18 12:50:46 | INFO     | К загрузке: 439
2026-02-18 12:50:46 | DEBUG    | [1/439] Загрузка c-api/datetime.html
2026-02-18 12:50:46 | INFO     | Сохранено: c-api/datetime.html -> 10_CAPI\datetime.md
2026-02-18 12:50:46 | DEBUG    | [2/439] Загрузка c-api/descriptor.html
2026-02-18 12:50:47 | INFO     | Сохранено: c-api/descriptor.html -> 10_CAPI\descriptor.md
2026-02-18 12:50:47 | DEBUG    | [3/439] Загрузка c-api/dict.html
2026-02-18 12:50:47 | INFO     | Сохранено: c-api/dict.html -> 10_CAPI\dict.md
2026-02-18 12:50:47 | DEBUG    | [4/439] Загрузка c-api/exceptions.html
2026-02-18 12:50:48 | INFO     | Сохранено: c-api/exceptions.html -> 10_CAPI\exceptions.md
2026-02-18 12:50:48 | DEBUG    | [5/439] Загрузка c-api/extension-modules.html
2026-02-18 12:50:49 | INFO     | Сохранено: c-api/extension-modules.html -> 10_CAPI\extension-modules.md
2026-02-18 12:50:49 | DEBUG    | [6/439] Загрузка c-api/file.html
2026-02-18 12:50:49 | INFO     | Сохранено: c-api/file.html -> 10_CAPI\file.md
2026-02-18 12:50:49 | DEBUG    | [7/439] Загрузка c-api/float.html
2026-02-18 12:50:49 | INFO     | Сохранено: c-api/float.html -> 10_CAPI\float.md
2026-02-18 12:50:49 | DEBUG    | [8/439] Загрузка c-api/frame.html
2026-02-18 12:50:50 | INFO     | Сохранено: c-api/frame.html -> 10_CAPI\frame.md
2026-02-18 12:50:50 | DEBUG    | [9/439] Загрузка c-api/function.html
2026-02-18 12:50:50 | INFO     | Сохранено: c-api/function.html -> 10_CAPI\function.md
2026-02-18 12:50:50 | DEBUG    | [10/439] Загрузка c-api/gcsupport.html
2026-02-18 12:50:50 | INFO     | Сохранено: c-api/gcsupport.html -> 10_CAPI\gcsupport.md
2026-02-18 12:50:50 | DEBUG    | [11/439] Загрузка c-api/gen.html
2026-02-18 12:50:51 | INFO     | Сохранено: c-api/gen.html -> 10_CAPI\gen.md
2026-02-18 12:50:51 | DEBUG    | [12/439] Загрузка c-api/hash.html
2026-02-18 12:50:51 | INFO     | Сохранено: c-api/hash.html -> 10_CAPI\hash.md
2026-02-18 12:50:51 | DEBUG    | [13/439] Загрузка c-api/import.html
2026-02-18 12:50:52 | INFO     | Сохранено: c-api/import.html -> 10_CAPI\import.md
2026-02-18 12:50:52 | DEBUG    | [14/439] Загрузка c-api/index.html
2026-02-18 12:50:52 | INFO     | Сохранено: c-api/index.html -> 10_CAPI\index.md
2026-02-18 12:50:52 | DEBUG    | [15/439] Загрузка c-api/init.html
2026-02-18 12:50:53 | INFO     | Сохранено: c-api/init.html -> 10_CAPI\init.md
2026-02-18 12:50:53 | DEBUG    | [16/439] Загрузка c-api/init_config.html
2026-02-18 12:50:54 | INFO     | Сохранено: c-api/init_config.html -> 10_CAPI\init_config.md
2026-02-18 12:50:54 | DEBUG    | [17/439] Загрузка c-api/intro.html
2026-02-18 12:50:55 | INFO     | Сохранено: c-api/intro.html -> 10_CAPI\intro.md
2026-02-18 12:50:55 | DEBUG    | [18/439] Загрузка c-api/iter.html
2026-02-18 12:50:55 | INFO     | Сохранено: c-api/iter.html -> 10_CAPI\iter.md
2026-02-18 12:50:55 | DEBUG    | [19/439] Загрузка c-api/iterator.html
2026-02-18 12:50:55 | INFO     | Сохранено: c-api/iterator.html -> 10_CAPI\iterator.md
2026-02-18 12:50:55 | DEBUG    | [20/439] Загрузка c-api/lifecycle.html
2026-02-18 12:50:56 | INFO     | Сохранено: c-api/lifecycle.html -> 10_CAPI\lifecycle.md
2026-02-18 12:50:56 | DEBUG    | [21/439] Загрузка c-api/list.html
2026-02-18 12:50:56 | INFO     | Сохранено: c-api/list.html -> 10_CAPI\list.md
2026-02-18 12:50:56 | DEBUG    | [22/439] Загрузка c-api/long.html
2026-02-18 12:50:57 | INFO     | Сохранено: c-api/long.html -> 10_CAPI\long.md
2026-02-18 12:50:57 | DEBUG    | [23/439] Загрузка c-api/mapping.html
2026-02-18 12:50:57 | INFO     | Сохранено: c-api/mapping.html -> 10_CAPI\mapping.md
2026-02-18 12:50:57 | DEBUG    | [24/439] Загрузка c-api/marshal.html
2026-02-18 12:50:57 | INFO     | Сохранено: c-api/marshal.html -> 10_CAPI\marshal.md
2026-02-18 12:50:57 | DEBUG    | [25/439] Загрузка c-api/memory.html
2026-02-18 12:50:58 | INFO     | Сохранено: c-api/memory.html -> 10_CAPI\memory.md
2026-02-18 12:50:58 | DEBUG    | [26/439] Загрузка c-api/memoryview.html
2026-02-18 12:50:58 | INFO     | Сохранено: c-api/memoryview.html -> 10_CAPI\memoryview.md
2026-02-18 12:50:58 | DEBUG    | [27/439] Загрузка c-api/method.html
2026-02-18 12:50:58 | INFO     | Сохранено: c-api/method.html -> 10_CAPI\method.md
2026-02-18 12:50:58 | DEBUG    | [28/439] Загрузка c-api/module.html
2026-02-18 12:50:59 | INFO     | Сохранено: c-api/module.html -> 10_CAPI\module.md
2026-02-18 12:50:59 | DEBUG    | [29/439] Загрузка c-api/monitoring.html
2026-02-18 12:50:59 | INFO     | Сохранено: c-api/monitoring.html -> 10_CAPI\monitoring.md
2026-02-18 12:50:59 | DEBUG    | [30/439] Загрузка c-api/none.html
2026-02-18 12:51:00 | INFO     | Сохранено: c-api/none.html -> 10_CAPI\none.md
2026-02-18 12:51:00 | DEBUG    | [31/439] Загрузка c-api/number.html
2026-02-18 12:51:00 | INFO     | Сохранено: c-api/number.html -> 10_CAPI\number.md
2026-02-18 12:51:00 | DEBUG    | [32/439] Загрузка c-api/object.html
2026-02-18 12:51:01 | INFO     | Сохранено: c-api/object.html -> 10_CAPI\object.md
2026-02-18 12:51:01 | DEBUG    | [33/439] Загрузка c-api/objimpl.html
2026-02-18 12:51:01 | INFO     | Сохранено: c-api/objimpl.html -> 10_CAPI\objimpl.md
2026-02-18 12:51:01 | DEBUG    | [34/439] Загрузка c-api/perfmaps.html
2026-02-18 12:51:01 | INFO     | Сохранено: c-api/perfmaps.html -> 10_CAPI\perfmaps.md
2026-02-18 12:51:01 | DEBUG    | [35/439] Загрузка c-api/picklebuffer.html
2026-02-18 12:51:02 | INFO     | Сохранено: c-api/picklebuffer.html -> 10_CAPI\picklebuffer.md
2026-02-18 12:51:02 | DEBUG    | [36/439] Загрузка c-api/refcounting.html
2026-02-18 12:51:02 | INFO     | Сохранено: c-api/refcounting.html -> 10_CAPI\refcounting.md
2026-02-18 12:51:02 | DEBUG    | [37/439] Загрузка c-api/reflection.html
2026-02-18 12:51:02 | INFO     | Сохранено: c-api/reflection.html -> 10_CAPI\reflection.md
2026-02-18 12:51:02 | DEBUG    | [38/439] Загрузка c-api/sequence.html
2026-02-18 12:51:03 | INFO     | Сохранено: c-api/sequence.html -> 10_CAPI\sequence.md
2026-02-18 12:51:03 | DEBUG    | [39/439] Загрузка c-api/set.html
2026-02-18 12:51:03 | INFO     | Сохранено: c-api/set.html -> 10_CAPI\set.md
2026-02-18 12:51:03 | DEBUG    | [40/439] Загрузка c-api/slice.html
2026-02-18 12:51:03 | INFO     | Сохранено: c-api/slice.html -> 10_CAPI\slice.md
2026-02-18 12:51:03 | DEBUG    | [41/439] Загрузка c-api/stable.html
2026-02-18 12:51:04 | INFO     | Сохранено: c-api/stable.html -> 10_CAPI\stable.md
2026-02-18 12:51:04 | DEBUG    | [42/439] Загрузка c-api/structures.html
2026-02-18 12:51:05 | INFO     | Сохранено: c-api/structures.html -> 10_CAPI\structures.md
2026-02-18 12:51:05 | DEBUG    | [43/439] Загрузка c-api/sys.html
2026-02-18 12:51:05 | INFO     | Сохранено: c-api/sys.html -> 10_CAPI\sys.md
2026-02-18 12:51:05 | DEBUG    | [44/439] Загрузка c-api/time.html
2026-02-18 12:51:06 | INFO     | Сохранено: c-api/time.html -> 10_CAPI\time.md
2026-02-18 12:51:06 | DEBUG    | [45/439] Загрузка c-api/tuple.html
2026-02-18 12:51:06 | INFO     | Сохранено: c-api/tuple.html -> 10_CAPI\tuple.md
2026-02-18 12:51:06 | DEBUG    | [46/439] Загрузка c-api/type.html
2026-02-18 12:51:07 | INFO     | Сохранено: c-api/type.html -> 10_CAPI\type.md
2026-02-18 12:51:07 | DEBUG    | [47/439] Загрузка c-api/typehints.html
2026-02-18 12:51:07 | INFO     | Сохранено: c-api/typehints.html -> 10_CAPI\typehints.md
2026-02-18 12:51:07 | DEBUG    | [48/439] Загрузка c-api/typeobj.html
2026-02-18 12:51:08 | INFO     | Сохранено: c-api/typeobj.html -> 10_CAPI\typeobj.md
2026-02-18 12:51:08 | DEBUG    | [49/439] Загрузка c-api/unicode.html
2026-02-18 12:51:09 | INFO     | Сохранено: c-api/unicode.html -> 10_CAPI\unicode.md
2026-02-18 12:51:09 | DEBUG    | [50/439] Загрузка c-api/utilities.html
2026-02-18 12:51:10 | INFO     | Сохранено: c-api/utilities.html -> 10_CAPI\utilities.md
2026-02-18 12:51:10 | DEBUG    | [51/439] Загрузка c-api/veryhigh.html
2026-02-18 12:51:10 | INFO     | Сохранено: c-api/veryhigh.html -> 10_CAPI\veryhigh.md
2026-02-18 12:51:10 | DEBUG    | [52/439] Загрузка c-api/weakref.html
2026-02-18 12:51:11 | INFO     | Сохранено: c-api/weakref.html -> 10_CAPI\weakref.md
2026-02-18 12:51:11 | DEBUG    | [53/439] Загрузка copyright.html
2026-02-18 12:51:11 | INFO     | Сохранено: copyright.html -> 12_MISC\copyright.md
2026-02-18 12:51:11 | DEBUG    | [54/439] Загрузка deprecations/index.html
2026-02-18 12:51:11 | INFO     | Сохранено: deprecations/index.html -> 99_OTHER\index.md
2026-02-18 12:51:11 | DEBUG    | [55/439] Загрузка extending/building.html
2026-02-18 12:51:12 | INFO     | Сохранено: extending/building.html -> 09_EXTENDING\building.md
2026-02-18 12:51:12 | DEBUG    | [56/439] Загрузка extending/embedding.html
2026-02-18 12:51:12 | INFO     | Сохранено: extending/embedding.html -> 09_EXTENDING\embedding.md
2026-02-18 12:51:12 | DEBUG    | [57/439] Загрузка extending/extending.html
2026-02-18 12:51:13 | INFO     | Сохранено: extending/extending.html -> 09_EXTENDING\extending.md
2026-02-18 12:51:13 | DEBUG    | [58/439] Загрузка extending/index.html
2026-02-18 12:51:13 | INFO     | Сохранено: extending/index.html -> 09_EXTENDING\index.md
2026-02-18 12:51:13 | DEBUG    | [59/439] Загрузка extending/newtypes.html
2026-02-18 12:51:14 | INFO     | Сохранено: extending/newtypes.html -> 09_EXTENDING\newtypes.md
2026-02-18 12:51:14 | DEBUG    | [60/439] Загрузка extending/newtypes_tutorial.html
2026-02-18 12:51:15 | INFO     | Сохранено: extending/newtypes_tutorial.html -> 09_EXTENDING\newtypes_tutorial.md
2026-02-18 12:51:15 | DEBUG    | [61/439] Загрузка extending/windows.html
2026-02-18 12:51:15 | INFO     | Сохранено: extending/windows.html -> 09_EXTENDING\windows.md
2026-02-18 12:51:15 | DEBUG    | [62/439] Загрузка faq/design.html
2026-02-18 12:51:15 | INFO     | Сохранено: faq/design.html -> 11_FAQ\design.md
2026-02-18 12:51:15 | DEBUG    | [63/439] Загрузка faq/extending.html
2026-02-18 12:51:16 | INFO     | Сохранено: faq/extending.html -> 11_FAQ\extending.md
2026-02-18 12:51:16 | DEBUG    | [64/439] Загрузка faq/general.html
2026-02-18 12:51:16 | INFO     | Сохранено: faq/general.html -> 11_FAQ\general.md
2026-02-18 12:51:16 | DEBUG    | [65/439] Загрузка faq/gui.html
2026-02-18 12:51:16 | INFO     | Сохранено: faq/gui.html -> 11_FAQ\gui.md
2026-02-18 12:51:16 | DEBUG    | [66/439] Загрузка faq/index.html
2026-02-18 12:51:17 | INFO     | Сохранено: faq/index.html -> 11_FAQ\index.md
2026-02-18 12:51:17 | DEBUG    | [67/439] Загрузка faq/installed.html
2026-02-18 12:51:17 | INFO     | Сохранено: faq/installed.html -> 11_FAQ\installed.md
2026-02-18 12:51:17 | DEBUG    | [68/439] Загрузка faq/library.html
2026-02-18 12:51:17 | INFO     | Сохранено: faq/library.html -> 11_FAQ\library.md
2026-02-18 12:51:17 | DEBUG    | [69/439] Загрузка faq/programming.html
2026-02-18 12:51:18 | INFO     | Сохранено: faq/programming.html -> 11_FAQ\programming.md
2026-02-18 12:51:18 | DEBUG    | [70/439] Загрузка faq/windows.html
2026-02-18 12:51:19 | INFO     | Сохранено: faq/windows.html -> 11_FAQ\windows.md
2026-02-18 12:51:19 | DEBUG    | [71/439] Загрузка glossary.html
2026-02-18 12:51:19 | INFO     | Сохранено: glossary.html -> 99_OTHER\glossary.md
2026-02-18 12:51:19 | DEBUG    | [72/439] Загрузка howto/argparse-optparse.html
2026-02-18 12:51:19 | INFO     | Сохранено: howto/argparse-optparse.html -> 06_HOWTO\argparse-optparse.md
2026-02-18 12:51:20 | DEBUG    | [73/439] Загрузка howto/argparse.html
2026-02-18 12:51:20 | INFO     | Сохранено: howto/argparse.html -> 06_HOWTO\argparse.md
2026-02-18 12:51:20 | DEBUG    | [74/439] Загрузка howto/index.html
2026-02-18 12:51:20 | INFO     | Сохранено: howto/index.html -> 06_HOWTO\index.md
2026-02-18 12:51:20 | DEBUG    | [75/439] Загрузка index.html
2026-02-18 12:51:21 | INFO     | Сохранено: index.html -> 99_OTHER\index.md
2026-02-18 12:51:21 | DEBUG    | [76/439] Загрузка installing/index.html
2026-02-18 12:51:21 | INFO     | Сохранено: installing/index.html -> 07_INSTALLING\index.md
2026-02-18 12:51:21 | DEBUG    | [77/439] Загрузка library/__future__.html
2026-02-18 12:51:21 | INFO     | Сохранено: library/__future__.html -> 02_LIBRARY\__future__.md
2026-02-18 12:51:21 | DEBUG    | [78/439] Загрузка library/__main__.html
2026-02-18 12:51:22 | INFO     | Сохранено: library/__main__.html -> 02_LIBRARY\__main__.md
2026-02-18 12:51:22 | DEBUG    | [79/439] Загрузка library/_thread.html
2026-02-18 12:51:22 | INFO     | Сохранено: library/_thread.html -> 02_LIBRARY\_thread.md
2026-02-18 12:51:22 | DEBUG    | [80/439] Загрузка library/abc.html
2026-02-18 12:51:23 | INFO     | Сохранено: library/abc.html -> 02_LIBRARY\abc.md
2026-02-18 12:51:23 | DEBUG    | [81/439] Загрузка library/allos.html
2026-02-18 12:51:23 | INFO     | Сохранено: library/allos.html -> 02_LIBRARY\allos.md
2026-02-18 12:51:23 | DEBUG    | [82/439] Загрузка library/annotationlib.html
2026-02-18 12:51:23 | INFO     | Сохранено: library/annotationlib.html -> 02_LIBRARY\annotationlib.md
2026-02-18 12:51:23 | DEBUG    | [83/439] Загрузка library/archiving.html
2026-02-18 12:51:23 | INFO     | Сохранено: library/archiving.html -> 02_LIBRARY\archiving.md
2026-02-18 12:51:23 | DEBUG    | [84/439] Загрузка library/argparse.html
2026-02-18 12:51:25 | INFO     | Сохранено: library/argparse.html -> 02_LIBRARY\argparse.md
2026-02-18 12:51:25 | DEBUG    | [85/439] Загрузка library/array.html
2026-02-18 12:51:25 | INFO     | Сохранено: library/array.html -> 02_LIBRARY\array.md
2026-02-18 12:51:25 | DEBUG    | [86/439] Загрузка library/ast.html
2026-02-18 12:51:26 | INFO     | Сохранено: library/ast.html -> 02_LIBRARY\ast.md
2026-02-18 12:51:26 | DEBUG    | [87/439] Загрузка library/asyncio-api-index.html
2026-02-18 12:51:26 | INFO     | Сохранено: library/asyncio-api-index.html -> 02_LIBRARY\asyncio-api-index.md
2026-02-18 12:51:26 | DEBUG    | [88/439] Загрузка library/asyncio-dev.html
2026-02-18 12:51:27 | INFO     | Сохранено: library/asyncio-dev.html -> 02_LIBRARY\asyncio-dev.md
2026-02-18 12:51:27 | DEBUG    | [89/439] Загрузка library/asyncio-eventloop.html
2026-02-18 12:51:28 | INFO     | Сохранено: library/asyncio-eventloop.html -> 02_LIBRARY\asyncio-eventloop.md
2026-02-18 12:51:28 | DEBUG    | [90/439] Загрузка library/asyncio-exceptions.html
2026-02-18 12:51:28 | INFO     | Сохранено: library/asyncio-exceptions.html -> 02_LIBRARY\asyncio-exceptions.md
2026-02-18 12:51:28 | DEBUG    | [91/439] Загрузка library/asyncio-extending.html
2026-02-18 12:51:28 | INFO     | Сохранено: library/asyncio-extending.html -> 02_LIBRARY\asyncio-extending.md
2026-02-18 12:51:28 | DEBUG    | [92/439] Загрузка library/asyncio-future.html
2026-02-18 12:51:29 | INFO     | Сохранено: library/asyncio-future.html -> 02_LIBRARY\asyncio-future.md
2026-02-18 12:51:29 | DEBUG    | [93/439] Загрузка library/asyncio-graph.html
2026-02-18 12:51:29 | INFO     | Сохранено: library/asyncio-graph.html -> 02_LIBRARY\asyncio-graph.md
2026-02-18 12:51:29 | DEBUG    | [94/439] Загрузка library/asyncio-llapi-index.html
2026-02-18 12:51:29 | INFO     | Сохранено: library/asyncio-llapi-index.html -> 02_LIBRARY\asyncio-llapi-index.md
2026-02-18 12:51:29 | DEBUG    | [95/439] Загрузка library/asyncio-platforms.html
2026-02-18 12:51:29 | INFO     | Сохранено: library/asyncio-platforms.html -> 02_LIBRARY\asyncio-platforms.md
2026-02-18 12:51:29 | DEBUG    | [96/439] Загрузка library/asyncio-policy.html
2026-02-18 12:51:30 | INFO     | Сохранено: library/asyncio-policy.html -> 02_LIBRARY\asyncio-policy.md
2026-02-18 12:51:30 | DEBUG    | [97/439] Загрузка library/asyncio-protocol.html
2026-02-18 12:51:30 | INFO     | Сохранено: library/asyncio-protocol.html -> 02_LIBRARY\asyncio-protocol.md
2026-02-18 12:51:30 | DEBUG    | [98/439] Загрузка library/asyncio-queue.html
2026-02-18 12:51:31 | INFO     | Сохранено: library/asyncio-queue.html -> 02_LIBRARY\asyncio-queue.md
2026-02-18 12:51:31 | DEBUG    | [99/439] Загрузка library/asyncio-runner.html
2026-02-18 12:51:31 | INFO     | Сохранено: library/asyncio-runner.html -> 02_LIBRARY\asyncio-runner.md
2026-02-18 12:51:31 | DEBUG    | [100/439] Загрузка library/asyncio-stream.html
2026-02-18 12:51:32 | INFO     | Сохранено: library/asyncio-stream.html -> 02_LIBRARY\asyncio-stream.md
2026-02-18 12:51:32 | DEBUG    | [101/439] Загрузка library/asyncio-subprocess.html
2026-02-18 12:51:32 | INFO     | Сохранено: library/asyncio-subprocess.html -> 02_LIBRARY\asyncio-subprocess.md
2026-02-18 12:51:32 | DEBUG    | [102/439] Загрузка library/asyncio-sync.html
2026-02-18 12:51:32 | INFO     | Сохранено: library/asyncio-sync.html -> 02_LIBRARY\asyncio-sync.md
2026-02-18 12:51:32 | DEBUG    | [103/439] Загрузка library/asyncio-task.html
2026-02-18 12:51:33 | INFO     | Сохранено: library/asyncio-task.html -> 02_LIBRARY\asyncio-task.md
2026-02-18 12:51:33 | DEBUG    | [104/439] Загрузка library/asyncio.html
2026-02-18 12:51:33 | INFO     | Сохранено: library/asyncio.html -> 02_LIBRARY\asyncio.md
2026-02-18 12:51:33 | DEBUG    | [105/439] Загрузка library/atexit.html
2026-02-18 12:51:34 | INFO     | Сохранено: library/atexit.html -> 02_LIBRARY\atexit.md
2026-02-18 12:51:34 | DEBUG    | [106/439] Загрузка library/audit_events.html
2026-02-18 12:51:34 | INFO     | Сохранено: library/audit_events.html -> 02_LIBRARY\audit_events.md
2026-02-18 12:51:34 | DEBUG    | [107/439] Загрузка library/base64.html
2026-02-18 12:51:35 | INFO     | Сохранено: library/base64.html -> 02_LIBRARY\base64.md
2026-02-18 12:51:35 | DEBUG    | [108/439] Загрузка library/bdb.html
2026-02-18 12:51:35 | INFO     | Сохранено: library/bdb.html -> 02_LIBRARY\bdb.md
2026-02-18 12:51:35 | DEBUG    | [109/439] Загрузка library/binary.html
2026-02-18 12:51:35 | INFO     | Сохранено: library/binary.html -> 02_LIBRARY\binary.md
2026-02-18 12:51:35 | DEBUG    | [110/439] Загрузка library/binascii.html
2026-02-18 12:51:36 | INFO     | Сохранено: library/binascii.html -> 02_LIBRARY\binascii.md
2026-02-18 12:51:36 | DEBUG    | [111/439] Загрузка library/bisect.html
2026-02-18 12:51:36 | INFO     | Сохранено: library/bisect.html -> 02_LIBRARY\bisect.md
2026-02-18 12:51:36 | DEBUG    | [112/439] Загрузка library/builtins.html
2026-02-18 12:51:36 | INFO     | Сохранено: library/builtins.html -> 02_LIBRARY\builtins.md
2026-02-18 12:51:36 | DEBUG    | [113/439] Загрузка library/bz2.html
2026-02-18 12:51:37 | INFO     | Сохранено: library/bz2.html -> 02_LIBRARY\bz2.md
2026-02-18 12:51:37 | DEBUG    | [114/439] Загрузка library/calendar.html
2026-02-18 12:51:37 | INFO     | Сохранено: library/calendar.html -> 02_LIBRARY\calendar.md
2026-02-18 12:51:37 | DEBUG    | [115/439] Загрузка library/cmath.html
2026-02-18 12:51:38 | INFO     | Сохранено: library/cmath.html -> 02_LIBRARY\cmath.md
2026-02-18 12:51:38 | DEBUG    | [116/439] Загрузка library/cmd.html
2026-02-18 12:51:38 | INFO     | Сохранено: library/cmd.html -> 02_LIBRARY\cmd.md
2026-02-18 12:51:38 | DEBUG    | [117/439] Загрузка library/cmdline.html
2026-02-18 12:51:38 | INFO     | Сохранено: library/cmdline.html -> 02_LIBRARY\cmdline.md
2026-02-18 12:51:38 | DEBUG    | [118/439] Загрузка library/cmdlinelibs.html
2026-02-18 12:51:39 | INFO     | Сохранено: library/cmdlinelibs.html -> 02_LIBRARY\cmdlinelibs.md
2026-02-18 12:51:39 | DEBUG    | [119/439] Загрузка library/code.html
2026-02-18 12:51:39 | INFO     | Сохранено: library/code.html -> 02_LIBRARY\code.md
2026-02-18 12:51:39 | DEBUG    | [120/439] Загрузка library/codecs.html
2026-02-18 12:51:40 | INFO     | Сохранено: library/codecs.html -> 02_LIBRARY\codecs.md
2026-02-18 12:51:40 | DEBUG    | [121/439] Загрузка library/codeop.html
2026-02-18 12:51:40 | INFO     | Сохранено: library/codeop.html -> 02_LIBRARY\codeop.md
2026-02-18 12:51:40 | DEBUG    | [122/439] Загрузка library/collections.abc.html
2026-02-18 12:51:40 | INFO     | Сохранено: library/collections.abc.html -> 02_LIBRARY\collections.abc.md
2026-02-18 12:51:40 | DEBUG    | [123/439] Загрузка library/collections.html
2026-02-18 12:51:41 | INFO     | Сохранено: library/collections.html -> 02_LIBRARY\collections.md
2026-02-18 12:51:41 | DEBUG    | [124/439] Загрузка library/colorsys.html
2026-02-18 12:51:41 | INFO     | Сохранено: library/colorsys.html -> 02_LIBRARY\colorsys.md
2026-02-18 12:51:41 | DEBUG    | [125/439] Загрузка library/compileall.html
2026-02-18 12:51:42 | INFO     | Сохранено: library/compileall.html -> 02_LIBRARY\compileall.md
2026-02-18 12:51:42 | DEBUG    | [126/439] Загрузка library/compression.html
2026-02-18 12:51:42 | INFO     | Сохранено: library/compression.html -> 02_LIBRARY\compression.md
2026-02-18 12:51:42 | DEBUG    | [127/439] Загрузка library/compression.zstd.html
2026-02-18 12:51:43 | INFO     | Сохранено: library/compression.zstd.html -> 02_LIBRARY\compression.zstd.md
2026-02-18 12:51:43 | DEBUG    | [128/439] Загрузка library/concurrency.html
2026-02-18 12:51:43 | INFO     | Сохранено: library/concurrency.html -> 02_LIBRARY\concurrency.md
2026-02-18 12:51:43 | DEBUG    | [129/439] Загрузка library/concurrent.futures.html
2026-02-18 12:51:43 | INFO     | Сохранено: library/concurrent.futures.html -> 02_LIBRARY\concurrent.futures.md
2026-02-18 12:51:43 | DEBUG    | [130/439] Загрузка library/concurrent.html
2026-02-18 12:51:44 | INFO     | Сохранено: library/concurrent.html -> 02_LIBRARY\concurrent.md
2026-02-18 12:51:44 | DEBUG    | [131/439] Загрузка library/concurrent.interpreters.html
2026-02-18 12:51:44 | INFO     | Сохранено: library/concurrent.interpreters.html -> 02_LIBRARY\concurrent.interpreters.md
2026-02-18 12:51:44 | DEBUG    | [132/439] Загрузка library/configparser.html
2026-02-18 12:51:45 | INFO     | Сохранено: library/configparser.html -> 02_LIBRARY\configparser.md
2026-02-18 12:51:45 | DEBUG    | [133/439] Загрузка library/constants.html
2026-02-18 12:51:45 | INFO     | Сохранено: library/constants.html -> 02_LIBRARY\constants.md
2026-02-18 12:51:45 | DEBUG    | [134/439] Загрузка library/contextlib.html
2026-02-18 12:51:46 | INFO     | Сохранено: library/contextlib.html -> 02_LIBRARY\contextlib.md
2026-02-18 12:51:46 | DEBUG    | [135/439] Загрузка library/contextvars.html
2026-02-18 12:51:46 | INFO     | Сохранено: library/contextvars.html -> 02_LIBRARY\contextvars.md
2026-02-18 12:51:46 | DEBUG    | [136/439] Загрузка library/copy.html
2026-02-18 12:51:46 | INFO     | Сохранено: library/copy.html -> 02_LIBRARY\copy.md
2026-02-18 12:51:46 | DEBUG    | [137/439] Загрузка library/copyreg.html
2026-02-18 12:51:47 | INFO     | Сохранено: library/copyreg.html -> 02_LIBRARY\copyreg.md
2026-02-18 12:51:47 | DEBUG    | [138/439] Загрузка library/crypto.html
2026-02-18 12:51:47 | INFO     | Сохранено: library/crypto.html -> 02_LIBRARY\crypto.md
2026-02-18 12:51:47 | DEBUG    | [139/439] Загрузка library/csv.html
2026-02-18 12:51:47 | INFO     | Сохранено: library/csv.html -> 02_LIBRARY\csv.md
2026-02-18 12:51:47 | DEBUG    | [140/439] Загрузка library/ctypes.html
2026-02-18 12:51:49 | INFO     | Сохранено: library/ctypes.html -> 02_LIBRARY\ctypes.md
2026-02-18 12:51:49 | DEBUG    | [141/439] Загрузка library/curses.ascii.html
2026-02-18 12:51:49 | INFO     | Сохранено: library/curses.ascii.html -> 02_LIBRARY\curses.ascii.md
2026-02-18 12:51:49 | DEBUG    | [142/439] Загрузка library/curses.html
2026-02-18 12:51:50 | INFO     | Сохранено: library/curses.html -> 02_LIBRARY\curses.md
2026-02-18 12:51:50 | DEBUG    | [143/439] Загрузка library/curses.panel.html
2026-02-18 12:51:50 | INFO     | Сохранено: library/curses.panel.html -> 02_LIBRARY\curses.panel.md
2026-02-18 12:51:50 | DEBUG    | [144/439] Загрузка library/custominterp.html
2026-02-18 12:51:50 | INFO     | Сохранено: library/custominterp.html -> 02_LIBRARY\custominterp.md
2026-02-18 12:51:50 | DEBUG    | [145/439] Загрузка library/dataclasses.html
2026-02-18 12:51:51 | INFO     | Сохранено: library/dataclasses.html -> 02_LIBRARY\dataclasses.md
2026-02-18 12:51:51 | DEBUG    | [146/439] Загрузка library/datatypes.html
2026-02-18 12:51:51 | INFO     | Сохранено: library/datatypes.html -> 02_LIBRARY\datatypes.md
2026-02-18 12:51:51 | DEBUG    | [147/439] Загрузка library/datetime.html
2026-02-18 12:51:52 | INFO     | Сохранено: library/datetime.html -> 02_LIBRARY\datetime.md
2026-02-18 12:51:52 | DEBUG    | [148/439] Загрузка library/dbm.html
2026-02-18 12:51:53 | INFO     | Сохранено: library/dbm.html -> 02_LIBRARY\dbm.md
2026-02-18 12:51:53 | DEBUG    | [149/439] Загрузка library/debug.html
2026-02-18 12:51:53 | INFO     | Сохранено: library/debug.html -> 02_LIBRARY\debug.md
2026-02-18 12:51:53 | DEBUG    | [150/439] Загрузка library/decimal.html
2026-02-18 12:51:54 | INFO     | Сохранено: library/decimal.html -> 02_LIBRARY\decimal.md
2026-02-18 12:51:54 | DEBUG    | [151/439] Загрузка library/development.html
2026-02-18 12:51:55 | INFO     | Сохранено: library/development.html -> 02_LIBRARY\development.md
2026-02-18 12:51:55 | DEBUG    | [152/439] Загрузка library/devmode.html
2026-02-18 12:51:55 | INFO     | Сохранено: library/devmode.html -> 02_LIBRARY\devmode.md
2026-02-18 12:51:55 | DEBUG    | [153/439] Загрузка library/dialog.html
2026-02-18 12:51:55 | INFO     | Сохранено: library/dialog.html -> 02_LIBRARY\dialog.md
2026-02-18 12:51:55 | DEBUG    | [154/439] Загрузка library/difflib.html
2026-02-18 12:51:56 | INFO     | Сохранено: library/difflib.html -> 02_LIBRARY\difflib.md
2026-02-18 12:51:56 | DEBUG    | [155/439] Загрузка library/dis.html
2026-02-18 12:51:57 | INFO     | Сохранено: library/dis.html -> 02_LIBRARY\dis.md
2026-02-18 12:51:57 | DEBUG    | [156/439] Загрузка library/distribution.html
2026-02-18 12:51:57 | INFO     | Сохранено: library/distribution.html -> 02_LIBRARY\distribution.md
2026-02-18 12:51:57 | DEBUG    | [157/439] Загрузка library/doctest.html
2026-02-18 12:51:58 | INFO     | Сохранено: library/doctest.html -> 02_LIBRARY\doctest.md
2026-02-18 12:51:58 | DEBUG    | [158/439] Загрузка library/email.charset.html
2026-02-18 12:51:58 | INFO     | Сохранено: library/email.charset.html -> 02_LIBRARY\email.charset.md
2026-02-18 12:51:58 | DEBUG    | [159/439] Загрузка library/email.compat32-message.html
2026-02-18 12:51:59 | INFO     | Сохранено: library/email.compat32-message.html -> 02_LIBRARY\email.compat32-message.md
2026-02-18 12:51:59 | DEBUG    | [160/439] Загрузка library/email.contentmanager.html
2026-02-18 12:51:59 | INFO     | Сохранено: library/email.contentmanager.html -> 02_LIBRARY\email.contentmanager.md
2026-02-18 12:51:59 | DEBUG    | [161/439] Загрузка library/email.encoders.html
2026-02-18 12:51:59 | INFO     | Сохранено: library/email.encoders.html -> 02_LIBRARY\email.encoders.md
2026-02-18 12:51:59 | DEBUG    | [162/439] Загрузка library/email.errors.html
2026-02-18 12:52:00 | INFO     | Сохранено: library/email.errors.html -> 02_LIBRARY\email.errors.md
2026-02-18 12:52:00 | DEBUG    | [163/439] Загрузка library/email.examples.html
2026-02-18 12:52:00 | INFO     | Сохранено: library/email.examples.html -> 02_LIBRARY\email.examples.md
2026-02-18 12:52:00 | DEBUG    | [164/439] Загрузка library/email.generator.html
2026-02-18 12:52:00 | INFO     | Сохранено: library/email.generator.html -> 02_LIBRARY\email.generator.md
2026-02-18 12:52:00 | DEBUG    | [165/439] Загрузка library/email.header.html
2026-02-18 12:52:01 | INFO     | Сохранено: library/email.header.html -> 02_LIBRARY\email.header.md
2026-02-18 12:52:01 | DEBUG    | [166/439] Загрузка library/email.headerregistry.html
2026-02-18 12:52:01 | INFO     | Сохранено: library/email.headerregistry.html -> 02_LIBRARY\email.headerregistry.md
2026-02-18 12:52:01 | DEBUG    | [167/439] Загрузка library/email.html
2026-02-18 12:52:01 | INFO     | Сохранено: library/email.html -> 02_LIBRARY\email.md
2026-02-18 12:52:01 | DEBUG    | [168/439] Загрузка library/email.iterators.html
2026-02-18 12:52:02 | INFO     | Сохранено: library/email.iterators.html -> 02_LIBRARY\email.iterators.md
2026-02-18 12:52:02 | DEBUG    | [169/439] Загрузка library/email.message.html
2026-02-18 12:52:02 | INFO     | Сохранено: library/email.message.html -> 02_LIBRARY\email.message.md
2026-02-18 12:52:02 | DEBUG    | [170/439] Загрузка library/email.mime.html
2026-02-18 12:52:03 | INFO     | Сохранено: library/email.mime.html -> 02_LIBRARY\email.mime.md
2026-02-18 12:52:03 | DEBUG    | [171/439] Загрузка library/email.parser.html
2026-02-18 12:52:03 | INFO     | Сохранено: library/email.parser.html -> 02_LIBRARY\email.parser.md
2026-02-18 12:52:03 | DEBUG    | [172/439] Загрузка library/email.policy.html
2026-02-18 12:52:04 | INFO     | Сохранено: library/email.policy.html -> 02_LIBRARY\email.policy.md
2026-02-18 12:52:04 | DEBUG    | [173/439] Загрузка library/email.utils.html
2026-02-18 12:52:04 | INFO     | Сохранено: library/email.utils.html -> 02_LIBRARY\email.utils.md
2026-02-18 12:52:04 | DEBUG    | [174/439] Загрузка library/ensurepip.html
2026-02-18 12:52:04 | INFO     | Сохранено: library/ensurepip.html -> 02_LIBRARY\ensurepip.md
2026-02-18 12:52:04 | DEBUG    | [175/439] Загрузка library/enum.html
2026-02-18 12:52:05 | INFO     | Сохранено: library/enum.html -> 02_LIBRARY\enum.md
2026-02-18 12:52:05 | DEBUG    | [176/439] Загрузка library/errno.html
2026-02-18 12:52:05 | INFO     | Сохранено: library/errno.html -> 02_LIBRARY\errno.md
2026-02-18 12:52:05 | DEBUG    | [177/439] Загрузка library/exceptions.html
2026-02-18 12:52:06 | INFO     | Сохранено: library/exceptions.html -> 02_LIBRARY\exceptions.md
2026-02-18 12:52:06 | DEBUG    | [178/439] Загрузка library/faulthandler.html
2026-02-18 12:52:06 | INFO     | Сохранено: library/faulthandler.html -> 02_LIBRARY\faulthandler.md
2026-02-18 12:52:06 | DEBUG    | [179/439] Загрузка library/fcntl.html
2026-02-18 12:52:07 | INFO     | Сохранено: library/fcntl.html -> 02_LIBRARY\fcntl.md
2026-02-18 12:52:07 | DEBUG    | [180/439] Загрузка library/filecmp.html
2026-02-18 12:52:07 | INFO     | Сохранено: library/filecmp.html -> 02_LIBRARY\filecmp.md
2026-02-18 12:52:07 | DEBUG    | [181/439] Загрузка library/fileformats.html
2026-02-18 12:52:07 | INFO     | Сохранено: library/fileformats.html -> 02_LIBRARY\fileformats.md
2026-02-18 12:52:07 | DEBUG    | [182/439] Загрузка library/fileinput.html
2026-02-18 12:52:07 | INFO     | Сохранено: library/fileinput.html -> 02_LIBRARY\fileinput.md
2026-02-18 12:52:07 | DEBUG    | [183/439] Загрузка library/filesys.html
2026-02-18 12:52:08 | INFO     | Сохранено: library/filesys.html -> 02_LIBRARY\filesys.md
2026-02-18 12:52:08 | DEBUG    | [184/439] Загрузка library/fnmatch.html
2026-02-18 12:52:08 | INFO     | Сохранено: library/fnmatch.html -> 02_LIBRARY\fnmatch.md
2026-02-18 12:52:08 | DEBUG    | [185/439] Загрузка library/fractions.html
2026-02-18 12:52:08 | INFO     | Сохранено: library/fractions.html -> 02_LIBRARY\fractions.md
2026-02-18 12:52:08 | DEBUG    | [186/439] Загрузка library/ftplib.html
2026-02-18 12:52:09 | INFO     | Сохранено: library/ftplib.html -> 02_LIBRARY\ftplib.md
2026-02-18 12:52:09 | DEBUG    | [187/439] Загрузка library/functional.html
2026-02-18 12:52:09 | INFO     | Сохранено: library/functional.html -> 02_LIBRARY\functional.md
2026-02-18 12:52:09 | DEBUG    | [188/439] Загрузка library/functions.html
2026-02-18 12:52:10 | INFO     | Сохранено: library/functions.html -> 02_LIBRARY\functions.md
2026-02-18 12:52:10 | DEBUG    | [189/439] Загрузка library/functools.html
2026-02-18 12:52:11 | INFO     | Сохранено: library/functools.html -> 02_LIBRARY\functools.md
2026-02-18 12:52:11 | DEBUG    | [190/439] Загрузка library/gc.html
2026-02-18 12:52:11 | INFO     | Сохранено: library/gc.html -> 02_LIBRARY\gc.md
2026-02-18 12:52:11 | DEBUG    | [191/439] Загрузка library/getopt.html
2026-02-18 12:52:11 | INFO     | Сохранено: library/getopt.html -> 02_LIBRARY\getopt.md
2026-02-18 12:52:11 | DEBUG    | [192/439] Загрузка library/getpass.html
2026-02-18 12:52:12 | INFO     | Сохранено: library/getpass.html -> 02_LIBRARY\getpass.md
2026-02-18 12:52:12 | DEBUG    | [193/439] Загрузка library/gettext.html
2026-02-18 12:52:12 | INFO     | Сохранено: library/gettext.html -> 02_LIBRARY\gettext.md
2026-02-18 12:52:12 | DEBUG    | [194/439] Загрузка library/glob.html
2026-02-18 12:52:13 | INFO     | Сохранено: library/glob.html -> 02_LIBRARY\glob.md
2026-02-18 12:52:13 | DEBUG    | [195/439] Загрузка library/graphlib.html
2026-02-18 12:52:13 | INFO     | Сохранено: library/graphlib.html -> 02_LIBRARY\graphlib.md
2026-02-18 12:52:13 | DEBUG    | [196/439] Загрузка library/grp.html
2026-02-18 12:52:13 | INFO     | Сохранено: library/grp.html -> 02_LIBRARY\grp.md
2026-02-18 12:52:13 | DEBUG    | [197/439] Загрузка library/gzip.html
2026-02-18 12:52:14 | INFO     | Сохранено: library/gzip.html -> 02_LIBRARY\gzip.md
2026-02-18 12:52:14 | DEBUG    | [198/439] Загрузка library/hashlib.html
2026-02-18 12:52:14 | INFO     | Сохранено: library/hashlib.html -> 02_LIBRARY\hashlib.md
2026-02-18 12:52:14 | DEBUG    | [199/439] Загрузка library/heapq.html
2026-02-18 12:52:15 | INFO     | Сохранено: library/heapq.html -> 02_LIBRARY\heapq.md
2026-02-18 12:52:15 | DEBUG    | [200/439] Загрузка library/hmac.html
2026-02-18 12:52:15 | INFO     | Сохранено: library/hmac.html -> 02_LIBRARY\hmac.md
2026-02-18 12:52:15 | DEBUG    | [201/439] Загрузка library/html.entities.html
2026-02-18 12:52:15 | INFO     | Сохранено: library/html.entities.html -> 02_LIBRARY\html.entities.md
2026-02-18 12:52:15 | DEBUG    | [202/439] Загрузка library/html.html
2026-02-18 12:52:16 | INFO     | Сохранено: library/html.html -> 02_LIBRARY\html.md
2026-02-18 12:52:16 | DEBUG    | [203/439] Загрузка library/html.parser.html
2026-02-18 12:52:16 | INFO     | Сохранено: library/html.parser.html -> 02_LIBRARY\html.parser.md
2026-02-18 12:52:16 | DEBUG    | [204/439] Загрузка library/http.client.html
2026-02-18 12:52:17 | INFO     | Сохранено: library/http.client.html -> 02_LIBRARY\http.client.md
2026-02-18 12:52:17 | DEBUG    | [205/439] Загрузка library/http.cookiejar.html
2026-02-18 12:52:17 | INFO     | Сохранено: library/http.cookiejar.html -> 02_LIBRARY\http.cookiejar.md
2026-02-18 12:52:17 | DEBUG    | [206/439] Загрузка library/http.cookies.html
2026-02-18 12:52:18 | INFO     | Сохранено: library/http.cookies.html -> 02_LIBRARY\http.cookies.md
2026-02-18 12:52:18 | DEBUG    | [207/439] Загрузка library/http.html
2026-02-18 12:52:18 | INFO     | Сохранено: library/http.html -> 02_LIBRARY\http.md
2026-02-18 12:52:18 | DEBUG    | [208/439] Загрузка library/http.server.html
2026-02-18 12:52:18 | INFO     | Сохранено: library/http.server.html -> 02_LIBRARY\http.server.md
2026-02-18 12:52:18 | DEBUG    | [209/439] Загрузка library/i18n.html
2026-02-18 12:52:19 | INFO     | Сохранено: library/i18n.html -> 02_LIBRARY\i18n.md
2026-02-18 12:52:19 | DEBUG    | [210/439] Загрузка library/idle.html
2026-02-18 12:52:19 | INFO     | Сохранено: library/idle.html -> 02_LIBRARY\idle.md
2026-02-18 12:52:19 | DEBUG    | [211/439] Загрузка library/imaplib.html
2026-02-18 12:52:20 | INFO     | Сохранено: library/imaplib.html -> 02_LIBRARY\imaplib.md
2026-02-18 12:52:20 | DEBUG    | [212/439] Загрузка library/importlib.html
2026-02-18 12:52:20 | INFO     | Сохранено: library/importlib.html -> 02_LIBRARY\importlib.md
2026-02-18 12:52:20 | DEBUG    | [213/439] Загрузка library/importlib.metadata.html
2026-02-18 12:52:21 | INFO     | Сохранено: library/importlib.metadata.html -> 02_LIBRARY\importlib.metadata.md
2026-02-18 12:52:21 | DEBUG    | [214/439] Загрузка library/importlib.resources.abc.html
2026-02-18 12:52:21 | INFO     | Сохранено: library/importlib.resources.abc.html -> 02_LIBRARY\importlib.resources.abc.md
2026-02-18 12:52:21 | DEBUG    | [215/439] Загрузка library/importlib.resources.html
2026-02-18 12:52:21 | INFO     | Сохранено: library/importlib.resources.html -> 02_LIBRARY\importlib.resources.md
2026-02-18 12:52:21 | DEBUG    | [216/439] Загрузка library/index.html
2026-02-18 12:52:22 | INFO     | Сохранено: library/index.html -> 02_LIBRARY\index.md
2026-02-18 12:52:22 | DEBUG    | [217/439] Загрузка library/inspect.html
2026-02-18 12:52:22 | INFO     | Сохранено: library/inspect.html -> 02_LIBRARY\inspect.md
2026-02-18 12:52:22 | DEBUG    | [218/439] Загрузка library/internet.html
2026-02-18 12:52:23 | INFO     | Сохранено: library/internet.html -> 02_LIBRARY\internet.md
2026-02-18 12:52:23 | DEBUG    | [219/439] Загрузка library/intro.html
2026-02-18 12:52:23 | INFO     | Сохранено: library/intro.html -> 02_LIBRARY\intro.md
2026-02-18 12:52:23 | DEBUG    | [220/439] Загрузка library/io.html
2026-02-18 12:52:24 | INFO     | Сохранено: library/io.html -> 02_LIBRARY\io.md
2026-02-18 12:52:24 | DEBUG    | [221/439] Загрузка library/ipaddress.html
2026-02-18 12:52:24 | INFO     | Сохранено: library/ipaddress.html -> 02_LIBRARY\ipaddress.md
2026-02-18 12:52:24 | DEBUG    | [222/439] Загрузка library/ipc.html
2026-02-18 12:52:25 | INFO     | Сохранено: library/ipc.html -> 02_LIBRARY\ipc.md
2026-02-18 12:52:25 | DEBUG    | [223/439] Загрузка library/itertools.html
2026-02-18 12:52:26 | INFO     | Сохранено: library/itertools.html -> 02_LIBRARY\itertools.md
2026-02-18 12:52:26 | DEBUG    | [224/439] Загрузка library/json.html
2026-02-18 12:52:26 | INFO     | Сохранено: library/json.html -> 02_LIBRARY\json.md
2026-02-18 12:52:26 | DEBUG    | [225/439] Загрузка library/keyword.html
2026-02-18 12:52:27 | INFO     | Сохранено: library/keyword.html -> 02_LIBRARY\keyword.md
2026-02-18 12:52:27 | DEBUG    | [226/439] Загрузка library/language.html
2026-02-18 12:52:27 | INFO     | Сохранено: library/language.html -> 02_LIBRARY\language.md
2026-02-18 12:52:27 | DEBUG    | [227/439] Загрузка library/linecache.html
2026-02-18 12:52:27 | INFO     | Сохранено: library/linecache.html -> 02_LIBRARY\linecache.md
2026-02-18 12:52:27 | DEBUG    | [228/439] Загрузка library/locale.html
2026-02-18 12:52:28 | INFO     | Сохранено: library/locale.html -> 02_LIBRARY\locale.md
2026-02-18 12:52:28 | DEBUG    | [229/439] Загрузка library/logging.config.html
2026-02-18 12:52:28 | INFO     | Сохранено: library/logging.config.html -> 02_LIBRARY\logging.config.md
2026-02-18 12:52:28 | DEBUG    | [230/439] Загрузка library/logging.handlers.html
2026-02-18 12:52:29 | INFO     | Сохранено: library/logging.handlers.html -> 02_LIBRARY\logging.handlers.md
2026-02-18 12:52:29 | DEBUG    | [231/439] Загрузка library/logging.html
2026-02-18 12:52:29 | INFO     | Сохранено: library/logging.html -> 02_LIBRARY\logging.md
2026-02-18 12:52:29 | DEBUG    | [232/439] Загрузка library/lzma.html
2026-02-18 12:52:30 | INFO     | Сохранено: library/lzma.html -> 02_LIBRARY\lzma.md
2026-02-18 12:52:30 | DEBUG    | [233/439] Загрузка library/mailbox.html
2026-02-18 12:52:31 | INFO     | Сохранено: library/mailbox.html -> 02_LIBRARY\mailbox.md
2026-02-18 12:52:31 | DEBUG    | [234/439] Загрузка library/markup.html
2026-02-18 12:52:31 | INFO     | Сохранено: library/markup.html -> 02_LIBRARY\markup.md
2026-02-18 12:52:31 | DEBUG    | [235/439] Загрузка library/marshal.html
2026-02-18 12:52:31 | INFO     | Сохранено: library/marshal.html -> 02_LIBRARY\marshal.md
2026-02-18 12:52:31 | DEBUG    | [236/439] Загрузка library/math.html
2026-02-18 12:52:32 | INFO     | Сохранено: library/math.html -> 02_LIBRARY\math.md
2026-02-18 12:52:32 | DEBUG    | [237/439] Загрузка library/mimetypes.html
2026-02-18 12:52:32 | INFO     | Сохранено: library/mimetypes.html -> 02_LIBRARY\mimetypes.md
2026-02-18 12:52:32 | DEBUG    | [238/439] Загрузка library/mm.html
2026-02-18 12:52:33 | INFO     | Сохранено: library/mm.html -> 02_LIBRARY\mm.md
2026-02-18 12:52:33 | DEBUG    | [239/439] Загрузка library/mmap.html
2026-02-18 12:52:33 | INFO     | Сохранено: library/mmap.html -> 02_LIBRARY\mmap.md
2026-02-18 12:52:33 | DEBUG    | [240/439] Загрузка library/modulefinder.html
2026-02-18 12:52:33 | INFO     | Сохранено: library/modulefinder.html -> 02_LIBRARY\modulefinder.md
2026-02-18 12:52:33 | DEBUG    | [241/439] Загрузка library/modules.html
2026-02-18 12:52:34 | INFO     | Сохранено: library/modules.html -> 02_LIBRARY\modules.md
2026-02-18 12:52:34 | DEBUG    | [242/439] Загрузка library/msvcrt.html
2026-02-18 12:52:34 | INFO     | Сохранено: library/msvcrt.html -> 02_LIBRARY\msvcrt.md
2026-02-18 12:52:34 | DEBUG    | [243/439] Загрузка library/multiprocessing.html
2026-02-18 12:52:35 | INFO     | Сохранено: library/multiprocessing.html -> 02_LIBRARY\multiprocessing.md
2026-02-18 12:52:35 | DEBUG    | [244/439] Загрузка library/multiprocessing.shared_memory.html
2026-02-18 12:52:36 | INFO     | Сохранено: library/multiprocessing.shared_memory.html -> 02_LIBRARY\multiprocessing.shared_memory.md
2026-02-18 12:52:36 | DEBUG    | [245/439] Загрузка library/netdata.html
2026-02-18 12:52:36 | INFO     | Сохранено: library/netdata.html -> 02_LIBRARY\netdata.md
2026-02-18 12:52:36 | DEBUG    | [246/439] Загрузка library/netrc.html
2026-02-18 12:52:36 | INFO     | Сохранено: library/netrc.html -> 02_LIBRARY\netrc.md
2026-02-18 12:52:36 | DEBUG    | [247/439] Загрузка library/numbers.html
2026-02-18 12:52:37 | INFO     | Сохранено: library/numbers.html -> 02_LIBRARY\numbers.md
2026-02-18 12:52:37 | DEBUG    | [248/439] Загрузка library/numeric.html
2026-02-18 12:52:37 | INFO     | Сохранено: library/numeric.html -> 02_LIBRARY\numeric.md
2026-02-18 12:52:37 | DEBUG    | [249/439] Загрузка library/operator.html
2026-02-18 12:52:38 | INFO     | Сохранено: library/operator.html -> 02_LIBRARY\operator.md
2026-02-18 12:52:38 | DEBUG    | [250/439] Загрузка library/optparse.html
2026-02-18 12:52:39 | INFO     | Сохранено: library/optparse.html -> 02_LIBRARY\optparse.md
2026-02-18 12:52:39 | DEBUG    | [251/439] Загрузка library/os.html
2026-02-18 12:52:40 | INFO     | Сохранено: library/os.html -> 02_LIBRARY\os.md
2026-02-18 12:52:40 | DEBUG    | [252/439] Загрузка library/os.path.html
2026-02-18 12:52:41 | INFO     | Сохранено: library/os.path.html -> 02_LIBRARY\os.path.md
2026-02-18 12:52:41 | DEBUG    | [253/439] Загрузка library/pathlib.html
2026-02-18 12:52:42 | INFO     | Сохранено: library/pathlib.html -> 02_LIBRARY\pathlib.md
2026-02-18 12:52:42 | DEBUG    | [254/439] Загрузка library/pdb.html
2026-02-18 12:52:42 | INFO     | Сохранено: library/pdb.html -> 02_LIBRARY\pdb.md
2026-02-18 12:52:42 | DEBUG    | [255/439] Загрузка library/persistence.html
2026-02-18 12:52:43 | INFO     | Сохранено: library/persistence.html -> 02_LIBRARY\persistence.md
2026-02-18 12:52:43 | DEBUG    | [256/439] Загрузка library/pickle.html
2026-02-18 12:52:43 | INFO     | Сохранено: library/pickle.html -> 02_LIBRARY\pickle.md
2026-02-18 12:52:43 | DEBUG    | [257/439] Загрузка library/pickletools.html
2026-02-18 12:52:44 | INFO     | Сохранено: library/pickletools.html -> 02_LIBRARY\pickletools.md
2026-02-18 12:52:44 | DEBUG    | [258/439] Загрузка library/pkgutil.html
2026-02-18 12:52:44 | INFO     | Сохранено: library/pkgutil.html -> 02_LIBRARY\pkgutil.md
2026-02-18 12:52:44 | DEBUG    | [259/439] Загрузка library/platform.html
2026-02-18 12:52:44 | INFO     | Сохранено: library/platform.html -> 02_LIBRARY\platform.md
2026-02-18 12:52:44 | DEBUG    | [260/439] Загрузка library/plistlib.html
2026-02-18 12:52:45 | INFO     | Сохранено: library/plistlib.html -> 02_LIBRARY\plistlib.md
2026-02-18 12:52:45 | DEBUG    | [261/439] Загрузка library/poplib.html
2026-02-18 12:52:45 | INFO     | Сохранено: library/poplib.html -> 02_LIBRARY\poplib.md
2026-02-18 12:52:45 | DEBUG    | [262/439] Загрузка library/posix.html
2026-02-18 12:52:45 | INFO     | Сохранено: library/posix.html -> 02_LIBRARY\posix.md
2026-02-18 12:52:45 | DEBUG    | [263/439] Загрузка library/pprint.html
2026-02-18 12:52:46 | INFO     | Сохранено: library/pprint.html -> 02_LIBRARY\pprint.md
2026-02-18 12:52:46 | DEBUG    | [264/439] Загрузка library/profile.html
2026-02-18 12:52:46 | INFO     | Сохранено: library/profile.html -> 02_LIBRARY\profile.md
2026-02-18 12:52:46 | DEBUG    | [265/439] Загрузка library/pty.html
2026-02-18 12:52:46 | INFO     | Сохранено: library/pty.html -> 02_LIBRARY\pty.md
2026-02-18 12:52:46 | DEBUG    | [266/439] Загрузка library/pwd.html
2026-02-18 12:52:47 | INFO     | Сохранено: library/pwd.html -> 02_LIBRARY\pwd.md
2026-02-18 12:52:47 | DEBUG    | [267/439] Загрузка library/py_compile.html
2026-02-18 12:52:47 | INFO     | Сохранено: library/py_compile.html -> 02_LIBRARY\py_compile.md
2026-02-18 12:52:47 | DEBUG    | [268/439] Загрузка library/pyclbr.html
2026-02-18 12:52:47 | INFO     | Сохранено: library/pyclbr.html -> 02_LIBRARY\pyclbr.md
2026-02-18 12:52:47 | DEBUG    | [269/439] Загрузка library/pydoc.html
2026-02-18 12:52:48 | INFO     | Сохранено: library/pydoc.html -> 02_LIBRARY\pydoc.md
2026-02-18 12:52:48 | DEBUG    | [270/439] Загрузка library/pyexpat.html
2026-02-18 12:52:48 | INFO     | Сохранено: library/pyexpat.html -> 02_LIBRARY\pyexpat.md
2026-02-18 12:52:48 | DEBUG    | [271/439] Загрузка library/python.html
2026-02-18 12:52:48 | INFO     | Сохранено: library/python.html -> 02_LIBRARY\python.md
2026-02-18 12:52:48 | DEBUG    | [272/439] Загрузка library/queue.html
2026-02-18 12:52:49 | INFO     | Сохранено: library/queue.html -> 02_LIBRARY\queue.md
2026-02-18 12:52:49 | DEBUG    | [273/439] Загрузка library/quopri.html
2026-02-18 12:52:49 | INFO     | Сохранено: library/quopri.html -> 02_LIBRARY\quopri.md
2026-02-18 12:52:49 | DEBUG    | [274/439] Загрузка library/random.html
2026-02-18 12:52:50 | INFO     | Сохранено: library/random.html -> 02_LIBRARY\random.md
2026-02-18 12:52:50 | DEBUG    | [275/439] Загрузка library/re.html
2026-02-18 12:52:50 | INFO     | Сохранено: library/re.html -> 02_LIBRARY\re.md
2026-02-18 12:52:50 | DEBUG    | [276/439] Загрузка library/readline.html
2026-02-18 12:52:51 | INFO     | Сохранено: library/readline.html -> 02_LIBRARY\readline.md
2026-02-18 12:52:51 | DEBUG    | [277/439] Загрузка library/removed.html
2026-02-18 12:52:51 | INFO     | Сохранено: library/removed.html -> 02_LIBRARY\removed.md
2026-02-18 12:52:51 | DEBUG    | [278/439] Загрузка library/reprlib.html
2026-02-18 12:52:51 | INFO     | Сохранено: library/reprlib.html -> 02_LIBRARY\reprlib.md
2026-02-18 12:52:51 | DEBUG    | [279/439] Загрузка library/resource.html
2026-02-18 12:52:52 | INFO     | Сохранено: library/resource.html -> 02_LIBRARY\resource.md
2026-02-18 12:52:52 | DEBUG    | [280/439] Загрузка library/rlcompleter.html
2026-02-18 12:52:52 | INFO     | Сохранено: library/rlcompleter.html -> 02_LIBRARY\rlcompleter.md
2026-02-18 12:52:52 | DEBUG    | [281/439] Загрузка library/runpy.html
2026-02-18 12:52:53 | INFO     | Сохранено: library/runpy.html -> 02_LIBRARY\runpy.md
2026-02-18 12:52:53 | DEBUG    | [282/439] Загрузка library/sched.html
2026-02-18 12:52:53 | INFO     | Сохранено: library/sched.html -> 02_LIBRARY\sched.md
2026-02-18 12:52:53 | DEBUG    | [283/439] Загрузка library/secrets.html
2026-02-18 12:52:53 | INFO     | Сохранено: library/secrets.html -> 02_LIBRARY\secrets.md
2026-02-18 12:52:53 | DEBUG    | [284/439] Загрузка library/security_warnings.html
2026-02-18 12:52:54 | INFO     | Сохранено: library/security_warnings.html -> 02_LIBRARY\security_warnings.md
2026-02-18 12:52:54 | DEBUG    | [285/439] Загрузка library/select.html
2026-02-18 12:52:54 | INFO     | Сохранено: library/select.html -> 02_LIBRARY\select.md
2026-02-18 12:52:54 | DEBUG    | [286/439] Загрузка library/selectors.html
2026-02-18 12:52:54 | INFO     | Сохранено: library/selectors.html -> 02_LIBRARY\selectors.md
2026-02-18 12:52:54 | DEBUG    | [287/439] Загрузка library/shelve.html
2026-02-18 12:52:55 | INFO     | Сохранено: library/shelve.html -> 02_LIBRARY\shelve.md
2026-02-18 12:52:55 | DEBUG    | [288/439] Загрузка library/shlex.html
2026-02-18 12:52:55 | INFO     | Сохранено: library/shlex.html -> 02_LIBRARY\shlex.md
2026-02-18 12:52:55 | DEBUG    | [289/439] Загрузка library/shutil.html
2026-02-18 12:52:56 | INFO     | Сохранено: library/shutil.html -> 02_LIBRARY\shutil.md
2026-02-18 12:52:56 | DEBUG    | [290/439] Загрузка library/signal.html
2026-02-18 12:52:56 | INFO     | Сохранено: library/signal.html -> 02_LIBRARY\signal.md
2026-02-18 12:52:56 | DEBUG    | [291/439] Загрузка library/site.html
2026-02-18 12:52:57 | INFO     | Сохранено: library/site.html -> 02_LIBRARY\site.md
2026-02-18 12:52:57 | DEBUG    | [292/439] Загрузка library/smtplib.html
2026-02-18 12:52:57 | INFO     | Сохранено: library/smtplib.html -> 02_LIBRARY\smtplib.md
2026-02-18 12:52:57 | DEBUG    | [293/439] Загрузка library/socket.html
2026-02-18 12:52:58 | INFO     | Сохранено: library/socket.html -> 02_LIBRARY\socket.md
2026-02-18 12:52:58 | DEBUG    | [294/439] Загрузка library/socketserver.html
2026-02-18 12:52:59 | INFO     | Сохранено: library/socketserver.html -> 02_LIBRARY\socketserver.md
2026-02-18 12:52:59 | DEBUG    | [295/439] Загрузка library/sqlite3.html
2026-02-18 12:53:00 | INFO     | Сохранено: library/sqlite3.html -> 02_LIBRARY\sqlite3.md
2026-02-18 12:53:00 | DEBUG    | [296/439] Загрузка library/ssl.html
2026-02-18 12:53:01 | INFO     | Сохранено: library/ssl.html -> 02_LIBRARY\ssl.md
2026-02-18 12:53:01 | DEBUG    | [297/439] Загрузка library/stat.html
2026-02-18 12:53:01 | INFO     | Сохранено: library/stat.html -> 02_LIBRARY\stat.md
2026-02-18 12:53:01 | DEBUG    | [298/439] Загрузка library/statistics.html
2026-02-18 12:53:02 | INFO     | Сохранено: library/statistics.html -> 02_LIBRARY\statistics.md
2026-02-18 12:53:02 | DEBUG    | [299/439] Загрузка library/stdtypes.html
2026-02-18 12:53:04 | INFO     | Сохранено: library/stdtypes.html -> 02_LIBRARY\stdtypes.md
2026-02-18 12:53:04 | DEBUG    | [300/439] Загрузка library/string.html
2026-02-18 12:53:04 | INFO     | Сохранено: library/string.html -> 02_LIBRARY\string.md
2026-02-18 12:53:04 | DEBUG    | [301/439] Загрузка library/string.templatelib.html
2026-02-18 12:53:05 | INFO     | Сохранено: library/string.templatelib.html -> 02_LIBRARY\string.templatelib.md
2026-02-18 12:53:05 | DEBUG    | [302/439] Загрузка library/stringprep.html
2026-02-18 12:53:05 | INFO     | Сохранено: library/stringprep.html -> 02_LIBRARY\stringprep.md
2026-02-18 12:53:05 | DEBUG    | [303/439] Загрузка library/struct.html
2026-02-18 12:53:05 | INFO     | Сохранено: library/struct.html -> 02_LIBRARY\struct.md
2026-02-18 12:53:05 | DEBUG    | [304/439] Загрузка library/subprocess.html
2026-02-18 12:53:06 | INFO     | Сохранено: library/subprocess.html -> 02_LIBRARY\subprocess.md
2026-02-18 12:53:06 | DEBUG    | [305/439] Загрузка library/superseded.html
2026-02-18 12:53:06 | INFO     | Сохранено: library/superseded.html -> 02_LIBRARY\superseded.md
2026-02-18 12:53:06 | DEBUG    | [306/439] Загрузка library/symtable.html
2026-02-18 12:53:07 | INFO     | Сохранено: library/symtable.html -> 02_LIBRARY\symtable.md
2026-02-18 12:53:07 | DEBUG    | [307/439] Загрузка library/sys.html
2026-02-18 12:53:08 | INFO     | Сохранено: library/sys.html -> 02_LIBRARY\sys.md
2026-02-18 12:53:08 | DEBUG    | [308/439] Загрузка library/sys.monitoring.html
2026-02-18 12:53:08 | INFO     | Сохранено: library/sys.monitoring.html -> 02_LIBRARY\sys.monitoring.md
2026-02-18 12:53:08 | DEBUG    | [309/439] Загрузка library/sys_path_init.html
2026-02-18 12:53:08 | INFO     | Сохранено: library/sys_path_init.html -> 02_LIBRARY\sys_path_init.md
2026-02-18 12:53:08 | DEBUG    | [310/439] Загрузка library/sysconfig.html
2026-02-18 12:53:09 | INFO     | Сохранено: library/sysconfig.html -> 02_LIBRARY\sysconfig.md
2026-02-18 12:53:09 | DEBUG    | [311/439] Загрузка library/syslog.html
2026-02-18 12:53:09 | INFO     | Сохранено: library/syslog.html -> 02_LIBRARY\syslog.md
2026-02-18 12:53:09 | DEBUG    | [312/439] Загрузка library/tabnanny.html
2026-02-18 12:53:09 | INFO     | Сохранено: library/tabnanny.html -> 02_LIBRARY\tabnanny.md
2026-02-18 12:53:09 | DEBUG    | [313/439] Загрузка library/tarfile.html
2026-02-18 12:53:10 | INFO     | Сохранено: library/tarfile.html -> 02_LIBRARY\tarfile.md
2026-02-18 12:53:10 | DEBUG    | [314/439] Загрузка library/tempfile.html
2026-02-18 12:53:11 | INFO     | Сохранено: library/tempfile.html -> 02_LIBRARY\tempfile.md
2026-02-18 12:53:11 | DEBUG    | [315/439] Загрузка library/termios.html
2026-02-18 12:53:11 | INFO     | Сохранено: library/termios.html -> 02_LIBRARY\termios.md
2026-02-18 12:53:11 | DEBUG    | [316/439] Загрузка library/test.html
2026-02-18 12:53:12 | INFO     | Сохранено: library/test.html -> 02_LIBRARY\test.md
2026-02-18 12:53:12 | DEBUG    | [317/439] Загрузка library/text.html
2026-02-18 12:53:12 | INFO     | Сохранено: library/text.html -> 02_LIBRARY\text.md
2026-02-18 12:53:12 | DEBUG    | [318/439] Загрузка library/textwrap.html
2026-02-18 12:53:12 | INFO     | Сохранено: library/textwrap.html -> 02_LIBRARY\textwrap.md
2026-02-18 12:53:12 | DEBUG    | [319/439] Загрузка library/threading.html
2026-02-18 12:53:13 | INFO     | Сохранено: library/threading.html -> 02_LIBRARY\threading.md
2026-02-18 12:53:13 | DEBUG    | [320/439] Загрузка library/time.html
2026-02-18 12:53:14 | INFO     | Сохранено: library/time.html -> 02_LIBRARY\time.md
2026-02-18 12:53:14 | DEBUG    | [321/439] Загрузка library/timeit.html
2026-02-18 12:53:14 | INFO     | Сохранено: library/timeit.html -> 02_LIBRARY\timeit.md
2026-02-18 12:53:14 | DEBUG    | [322/439] Загрузка library/tk.html
2026-02-18 12:53:14 | INFO     | Сохранено: library/tk.html -> 02_LIBRARY\tk.md
2026-02-18 12:53:14 | DEBUG    | [323/439] Загрузка library/tkinter.colorchooser.html
2026-02-18 12:53:15 | INFO     | Сохранено: library/tkinter.colorchooser.html -> 02_LIBRARY\tkinter.colorchooser.md
2026-02-18 12:53:15 | DEBUG    | [324/439] Загрузка library/tkinter.dnd.html
2026-02-18 12:53:15 | INFO     | Сохранено: library/tkinter.dnd.html -> 02_LIBRARY\tkinter.dnd.md
2026-02-18 12:53:15 | DEBUG    | [325/439] Загрузка library/tkinter.font.html
2026-02-18 12:53:15 | INFO     | Сохранено: library/tkinter.font.html -> 02_LIBRARY\tkinter.font.md
2026-02-18 12:53:15 | DEBUG    | [326/439] Загрузка library/tkinter.html
2026-02-18 12:53:16 | INFO     | Сохранено: library/tkinter.html -> 02_LIBRARY\tkinter.md
2026-02-18 12:53:16 | DEBUG    | [327/439] Загрузка library/tkinter.messagebox.html
2026-02-18 12:53:16 | INFO     | Сохранено: library/tkinter.messagebox.html -> 02_LIBRARY\tkinter.messagebox.md
2026-02-18 12:53:16 | DEBUG    | [328/439] Загрузка library/tkinter.scrolledtext.html
2026-02-18 12:53:16 | INFO     | Сохранено: library/tkinter.scrolledtext.html -> 02_LIBRARY\tkinter.scrolledtext.md
2026-02-18 12:53:16 | DEBUG    | [329/439] Загрузка library/tkinter.ttk.html
2026-02-18 12:53:17 | INFO     | Сохранено: library/tkinter.ttk.html -> 02_LIBRARY\tkinter.ttk.md
2026-02-18 12:53:17 | DEBUG    | [330/439] Загрузка library/token.html
2026-02-18 12:53:17 | INFO     | Сохранено: library/token.html -> 02_LIBRARY\token.md
2026-02-18 12:53:17 | DEBUG    | [331/439] Загрузка library/tokenize.html
2026-02-18 12:53:18 | INFO     | Сохранено: library/tokenize.html -> 02_LIBRARY\tokenize.md
2026-02-18 12:53:18 | DEBUG    | [332/439] Загрузка library/tomllib.html
2026-02-18 12:53:18 | INFO     | Сохранено: library/tomllib.html -> 02_LIBRARY\tomllib.md
2026-02-18 12:53:18 | DEBUG    | [333/439] Загрузка library/trace.html
2026-02-18 12:53:18 | INFO     | Сохранено: library/trace.html -> 02_LIBRARY\trace.md
2026-02-18 12:53:18 | DEBUG    | [334/439] Загрузка library/traceback.html
2026-02-18 12:53:19 | INFO     | Сохранено: library/traceback.html -> 02_LIBRARY\traceback.md
2026-02-18 12:53:19 | DEBUG    | [335/439] Загрузка library/tracemalloc.html
2026-02-18 12:53:20 | INFO     | Сохранено: library/tracemalloc.html -> 02_LIBRARY\tracemalloc.md
2026-02-18 12:53:20 | DEBUG    | [336/439] Загрузка library/tty.html
2026-02-18 12:53:20 | INFO     | Сохранено: library/tty.html -> 02_LIBRARY\tty.md
2026-02-18 12:53:20 | DEBUG    | [337/439] Загрузка library/turtle.html
2026-02-18 12:53:21 | INFO     | Сохранено: library/turtle.html -> 02_LIBRARY\turtle.md
2026-02-18 12:53:21 | DEBUG    | [338/439] Загрузка library/types.html
2026-02-18 12:53:22 | INFO     | Сохранено: library/types.html -> 02_LIBRARY\types.md
2026-02-18 12:53:22 | DEBUG    | [339/439] Загрузка library/typing.html
2026-02-18 12:53:23 | INFO     | Сохранено: library/typing.html -> 02_LIBRARY\typing.md
2026-02-18 12:53:23 | DEBUG    | [340/439] Загрузка library/unicodedata.html
2026-02-18 12:53:23 | INFO     | Сохранено: library/unicodedata.html -> 02_LIBRARY\unicodedata.md
2026-02-18 12:53:23 | DEBUG    | [341/439] Загрузка library/unittest.html
2026-02-18 12:53:24 | INFO     | Сохранено: library/unittest.html -> 02_LIBRARY\unittest.md
2026-02-18 12:53:24 | DEBUG    | [342/439] Загрузка library/unittest.mock-examples.html
2026-02-18 12:53:25 | INFO     | Сохранено: library/unittest.mock-examples.html -> 02_LIBRARY\unittest.mock-examples.md
2026-02-18 12:53:25 | DEBUG    | [343/439] Загрузка library/unittest.mock.html
2026-02-18 12:53:27 | INFO     | Сохранено: library/unittest.mock.html -> 02_LIBRARY\unittest.mock.md
2026-02-18 12:53:27 | DEBUG    | [344/439] Загрузка library/unix.html
2026-02-18 12:53:27 | INFO     | Сохранено: library/unix.html -> 02_LIBRARY\unix.md
2026-02-18 12:53:27 | DEBUG    | [345/439] Загрузка library/urllib.error.html
2026-02-18 12:53:27 | INFO     | Сохранено: library/urllib.error.html -> 02_LIBRARY\urllib.error.md
2026-02-18 12:53:27 | DEBUG    | [346/439] Загрузка library/urllib.html
2026-02-18 12:53:27 | INFO     | Сохранено: library/urllib.html -> 02_LIBRARY\urllib.md
2026-02-18 12:53:27 | DEBUG    | [347/439] Загрузка library/urllib.parse.html
2026-02-18 12:53:28 | INFO     | Сохранено: library/urllib.parse.html -> 02_LIBRARY\urllib.parse.md
2026-02-18 12:53:28 | DEBUG    | [348/439] Загрузка library/urllib.request.html
2026-02-18 12:53:29 | INFO     | Сохранено: library/urllib.request.html -> 02_LIBRARY\urllib.request.md
2026-02-18 12:53:29 | DEBUG    | [349/439] Загрузка library/urllib.robotparser.html
2026-02-18 12:53:29 | INFO     | Сохранено: library/urllib.robotparser.html -> 02_LIBRARY\urllib.robotparser.md
2026-02-18 12:53:29 | DEBUG    | [350/439] Загрузка library/uuid.html
2026-02-18 12:53:29 | INFO     | Сохранено: library/uuid.html -> 02_LIBRARY\uuid.md
2026-02-18 12:53:29 | DEBUG    | [351/439] Загрузка library/venv.html
2026-02-18 12:53:30 | INFO     | Сохранено: library/venv.html -> 02_LIBRARY\venv.md
2026-02-18 12:53:30 | DEBUG    | [352/439] Загрузка library/warnings.html
2026-02-18 12:53:31 | INFO     | Сохранено: library/warnings.html -> 02_LIBRARY\warnings.md
2026-02-18 12:53:31 | DEBUG    | [353/439] Загрузка library/wave.html
2026-02-18 12:53:31 | INFO     | Сохранено: library/wave.html -> 02_LIBRARY\wave.md
2026-02-18 12:53:31 | DEBUG    | [354/439] Загрузка library/weakref.html
2026-02-18 12:53:31 | INFO     | Сохранено: library/weakref.html -> 02_LIBRARY\weakref.md
2026-02-18 12:53:31 | DEBUG    | [355/439] Загрузка library/webbrowser.html
2026-02-18 12:53:32 | INFO     | Сохранено: library/webbrowser.html -> 02_LIBRARY\webbrowser.md
2026-02-18 12:53:32 | DEBUG    | [356/439] Загрузка library/windows.html
2026-02-18 12:53:32 | INFO     | Сохранено: library/windows.html -> 02_LIBRARY\windows.md
2026-02-18 12:53:32 | DEBUG    | [357/439] Загрузка library/winreg.html
2026-02-18 12:53:32 | INFO     | Сохранено: library/winreg.html -> 02_LIBRARY\winreg.md
2026-02-18 12:53:32 | DEBUG    | [358/439] Загрузка library/winsound.html
2026-02-18 12:53:33 | INFO     | Сохранено: library/winsound.html -> 02_LIBRARY\winsound.md
2026-02-18 12:53:33 | DEBUG    | [359/439] Загрузка library/wsgiref.html
2026-02-18 12:53:33 | INFO     | Сохранено: library/wsgiref.html -> 02_LIBRARY\wsgiref.md
2026-02-18 12:53:33 | DEBUG    | [360/439] Загрузка library/xml.dom.html
2026-02-18 12:53:34 | INFO     | Сохранено: library/xml.dom.html -> 02_LIBRARY\xml.dom.md
2026-02-18 12:53:34 | DEBUG    | [361/439] Загрузка library/xml.dom.minidom.html
2026-02-18 12:53:34 | INFO     | Сохранено: library/xml.dom.minidom.html -> 02_LIBRARY\xml.dom.minidom.md
2026-02-18 12:53:34 | DEBUG    | [362/439] Загрузка library/xml.dom.pulldom.html
2026-02-18 12:53:35 | INFO     | Сохранено: library/xml.dom.pulldom.html -> 02_LIBRARY\xml.dom.pulldom.md
2026-02-18 12:53:35 | DEBUG    | [363/439] Загрузка library/xml.etree.elementtree.html
2026-02-18 12:53:35 | INFO     | Сохранено: library/xml.etree.elementtree.html -> 02_LIBRARY\xml.etree.elementtree.md
2026-02-18 12:53:35 | DEBUG    | [364/439] Загрузка library/xml.html
2026-02-18 12:53:35 | INFO     | Сохранено: library/xml.html -> 02_LIBRARY\xml.md
2026-02-18 12:53:35 | DEBUG    | [365/439] Загрузка library/xml.sax.handler.html
2026-02-18 12:53:36 | INFO     | Сохранено: library/xml.sax.handler.html -> 02_LIBRARY\xml.sax.handler.md
2026-02-18 12:53:36 | DEBUG    | [366/439] Загрузка library/xml.sax.html
2026-02-18 12:53:36 | INFO     | Сохранено: library/xml.sax.html -> 02_LIBRARY\xml.sax.md
2026-02-18 12:53:36 | DEBUG    | [367/439] Загрузка library/xml.sax.reader.html
2026-02-18 12:53:36 | INFO     | Сохранено: library/xml.sax.reader.html -> 02_LIBRARY\xml.sax.reader.md
2026-02-18 12:53:36 | DEBUG    | [368/439] Загрузка library/xml.sax.utils.html
2026-02-18 12:53:37 | INFO     | Сохранено: library/xml.sax.utils.html -> 02_LIBRARY\xml.sax.utils.md
2026-02-18 12:53:37 | DEBUG    | [369/439] Загрузка library/xmlrpc.client.html
2026-02-18 12:53:37 | INFO     | Сохранено: library/xmlrpc.client.html -> 02_LIBRARY\xmlrpc.client.md
2026-02-18 12:53:37 | DEBUG    | [370/439] Загрузка library/xmlrpc.html
2026-02-18 12:53:37 | INFO     | Сохранено: library/xmlrpc.html -> 02_LIBRARY\xmlrpc.md
2026-02-18 12:53:37 | DEBUG    | [371/439] Загрузка library/xmlrpc.server.html
2026-02-18 12:53:38 | INFO     | Сохранено: library/xmlrpc.server.html -> 02_LIBRARY\xmlrpc.server.md
2026-02-18 12:53:38 | DEBUG    | [372/439] Загрузка library/zipapp.html
2026-02-18 12:53:38 | INFO     | Сохранено: library/zipapp.html -> 02_LIBRARY\zipapp.md
2026-02-18 12:53:38 | DEBUG    | [373/439] Загрузка library/zipfile.html
2026-02-18 12:53:39 | INFO     | Сохранено: library/zipfile.html -> 02_LIBRARY\zipfile.md
2026-02-18 12:53:39 | DEBUG    | [374/439] Загрузка library/zipimport.html
2026-02-18 12:53:39 | INFO     | Сохранено: library/zipimport.html -> 02_LIBRARY\zipimport.md
2026-02-18 12:53:39 | DEBUG    | [375/439] Загрузка library/zlib.html
2026-02-18 12:53:40 | INFO     | Сохранено: library/zlib.html -> 02_LIBRARY\zlib.md
2026-02-18 12:53:40 | DEBUG    | [376/439] Загрузка library/zoneinfo.html
2026-02-18 12:53:40 | INFO     | Сохранено: library/zoneinfo.html -> 02_LIBRARY\zoneinfo.md
2026-02-18 12:53:40 | DEBUG    | [377/439] Загрузка license.html
2026-02-18 12:53:40 | INFO     | Сохранено: license.html -> 12_MISC\license.md
2026-02-18 12:53:40 | DEBUG    | [378/439] Загрузка reference/compound_stmts.html
2026-02-18 12:53:41 | INFO     | Сохранено: reference/compound_stmts.html -> 03_LANGUAGE_REFERENCE\compound_stmts.md
2026-02-18 12:53:41 | DEBUG    | [379/439] Загрузка reference/datamodel.html
2026-02-18 12:53:42 | INFO     | Сохранено: reference/datamodel.html -> 03_LANGUAGE_REFERENCE\datamodel.md
2026-02-18 12:53:42 | DEBUG    | [380/439] Загрузка reference/executionmodel.html
2026-02-18 12:53:43 | INFO     | Сохранено: reference/executionmodel.html -> 03_LANGUAGE_REFERENCE\executionmodel.md
2026-02-18 12:53:43 | DEBUG    | [381/439] Загрузка reference/expressions.html
2026-02-18 12:53:44 | INFO     | Сохранено: reference/expressions.html -> 03_LANGUAGE_REFERENCE\expressions.md
2026-02-18 12:53:44 | DEBUG    | [382/439] Загрузка reference/grammar.html
2026-02-18 12:53:44 | INFO     | Сохранено: reference/grammar.html -> 03_LANGUAGE_REFERENCE\grammar.md
2026-02-18 12:53:44 | DEBUG    | [383/439] Загрузка reference/import.html
2026-02-18 12:53:45 | INFO     | Сохранено: reference/import.html -> 03_LANGUAGE_REFERENCE\import.md
2026-02-18 12:53:45 | DEBUG    | [384/439] Загрузка reference/index.html
2026-02-18 12:53:45 | INFO     | Сохранено: reference/index.html -> 03_LANGUAGE_REFERENCE\index.md
2026-02-18 12:53:45 | DEBUG    | [385/439] Загрузка reference/introduction.html
2026-02-18 12:53:45 | INFO     | Сохранено: reference/introduction.html -> 03_LANGUAGE_REFERENCE\introduction.md
2026-02-18 12:53:45 | DEBUG    | [386/439] Загрузка reference/lexical_analysis.html
2026-02-18 12:53:46 | INFO     | Сохранено: reference/lexical_analysis.html -> 03_LANGUAGE_REFERENCE\lexical_analysis.md
2026-02-18 12:53:46 | DEBUG    | [387/439] Загрузка reference/simple_stmts.html
2026-02-18 12:53:46 | INFO     | Сохранено: reference/simple_stmts.html -> 03_LANGUAGE_REFERENCE\simple_stmts.md
2026-02-18 12:53:46 | DEBUG    | [388/439] Загрузка reference/toplevel_components.html
2026-02-18 12:53:46 | INFO     | Сохранено: reference/toplevel_components.html -> 03_LANGUAGE_REFERENCE\toplevel_components.md
2026-02-18 12:53:46 | DEBUG    | [389/439] Загрузка tutorial/appendix.html
2026-02-18 12:53:47 | INFO     | Сохранено: tutorial/appendix.html -> 01_TUTORIAL\appendix.md
2026-02-18 12:53:47 | DEBUG    | [390/439] Загрузка tutorial/appetite.html
2026-02-18 12:53:47 | INFO     | Сохранено: tutorial/appetite.html -> 01_TUTORIAL\appetite.md
2026-02-18 12:53:47 | DEBUG    | [391/439] Загрузка tutorial/classes.html
2026-02-18 12:53:47 | INFO     | Сохранено: tutorial/classes.html -> 01_TUTORIAL\classes.md
2026-02-18 12:53:47 | DEBUG    | [392/439] Загрузка tutorial/controlflow.html
2026-02-18 12:53:48 | INFO     | Сохранено: tutorial/controlflow.html -> 01_TUTORIAL\controlflow.md
2026-02-18 12:53:48 | DEBUG    | [393/439] Загрузка tutorial/datastructures.html
2026-02-18 12:53:48 | INFO     | Сохранено: tutorial/datastructures.html -> 01_TUTORIAL\datastructures.md
2026-02-18 12:53:48 | DEBUG    | [394/439] Загрузка tutorial/errors.html
2026-02-18 12:53:49 | INFO     | Сохранено: tutorial/errors.html -> 01_TUTORIAL\errors.md
2026-02-18 12:53:49 | DEBUG    | [395/439] Загрузка tutorial/floatingpoint.html
2026-02-18 12:53:49 | INFO     | Сохранено: tutorial/floatingpoint.html -> 01_TUTORIAL\floatingpoint.md
2026-02-18 12:53:49 | DEBUG    | [396/439] Загрузка tutorial/index.html
2026-02-18 12:53:50 | INFO     | Сохранено: tutorial/index.html -> 01_TUTORIAL\index.md
2026-02-18 12:53:50 | DEBUG    | [397/439] Загрузка tutorial/inputoutput.html
2026-02-18 12:53:50 | INFO     | Сохранено: tutorial/inputoutput.html -> 01_TUTORIAL\inputoutput.md
2026-02-18 12:53:50 | DEBUG    | [398/439] Загрузка tutorial/interactive.html
2026-02-18 12:53:50 | INFO     | Сохранено: tutorial/interactive.html -> 01_TUTORIAL\interactive.md
2026-02-18 12:53:50 | DEBUG    | [399/439] Загрузка tutorial/interpreter.html
2026-02-18 12:53:50 | INFO     | Сохранено: tutorial/interpreter.html -> 01_TUTORIAL\interpreter.md
2026-02-18 12:53:50 | DEBUG    | [400/439] Загрузка tutorial/introduction.html
2026-02-18 12:53:51 | INFO     | Сохранено: tutorial/introduction.html -> 01_TUTORIAL\introduction.md
2026-02-18 12:53:51 | DEBUG    | [401/439] Загрузка tutorial/modules.html
2026-02-18 12:53:52 | INFO     | Сохранено: tutorial/modules.html -> 01_TUTORIAL\modules.md
2026-02-18 12:53:52 | DEBUG    | [402/439] Загрузка tutorial/stdlib.html
2026-02-18 12:53:52 | INFO     | Сохранено: tutorial/stdlib.html -> 01_TUTORIAL\stdlib.md
2026-02-18 12:53:52 | DEBUG    | [403/439] Загрузка tutorial/stdlib2.html
2026-02-18 12:53:52 | INFO     | Сохранено: tutorial/stdlib2.html -> 01_TUTORIAL\stdlib2.md
2026-02-18 12:53:52 | DEBUG    | [404/439] Загрузка tutorial/venv.html
2026-02-18 12:53:53 | INFO     | Сохранено: tutorial/venv.html -> 01_TUTORIAL\venv.md
2026-02-18 12:53:53 | DEBUG    | [405/439] Загрузка tutorial/whatnow.html
2026-02-18 12:53:53 | INFO     | Сохранено: tutorial/whatnow.html -> 01_TUTORIAL\whatnow.md
2026-02-18 12:53:53 | DEBUG    | [406/439] Загрузка using/android.html
2026-02-18 12:53:53 | INFO     | Сохранено: using/android.html -> 05_USING\android.md
2026-02-18 12:53:53 | DEBUG    | [407/439] Загрузка using/cmdline.html
2026-02-18 12:53:54 | INFO     | Сохранено: using/cmdline.html -> 05_USING\cmdline.md
2026-02-18 12:53:54 | DEBUG    | [408/439] Загрузка using/configure.html
2026-02-18 12:53:54 | INFO     | Сохранено: using/configure.html -> 05_USING\configure.md
2026-02-18 12:53:54 | DEBUG    | [409/439] Загрузка using/editors.html
2026-02-18 12:53:55 | INFO     | Сохранено: using/editors.html -> 05_USING\editors.md
2026-02-18 12:53:55 | DEBUG    | [410/439] Загрузка using/index.html
2026-02-18 12:53:55 | INFO     | Сохранено: using/index.html -> 05_USING\index.md
2026-02-18 12:53:55 | DEBUG    | [411/439] Загрузка using/ios.html
2026-02-18 12:53:55 | INFO     | Сохранено: using/ios.html -> 05_USING\ios.md
2026-02-18 12:53:55 | DEBUG    | [412/439] Загрузка using/mac.html
2026-02-18 12:53:56 | INFO     | Сохранено: using/mac.html -> 05_USING\mac.md
2026-02-18 12:53:56 | DEBUG    | [413/439] Загрузка using/unix.html
2026-02-18 12:53:56 | INFO     | Сохранено: using/unix.html -> 05_USING\unix.md
2026-02-18 12:53:56 | DEBUG    | [414/439] Загрузка using/windows.html
2026-02-18 12:53:57 | INFO     | Сохранено: using/windows.html -> 05_USING\windows.md
2026-02-18 12:53:57 | DEBUG    | [415/439] Загрузка whatsnew/2.0.html
2026-02-18 12:53:57 | INFO     | Сохранено: whatsnew/2.0.html -> 04_WHATSNEW\2.0.md
2026-02-18 12:53:57 | DEBUG    | [416/439] Загрузка whatsnew/2.1.html
2026-02-18 12:53:58 | INFO     | Сохранено: whatsnew/2.1.html -> 04_WHATSNEW\2.1.md
2026-02-18 12:53:58 | DEBUG    | [417/439] Загрузка whatsnew/2.2.html
2026-02-18 12:53:58 | INFO     | Сохранено: whatsnew/2.2.html -> 04_WHATSNEW\2.2.md
2026-02-18 12:53:58 | DEBUG    | [418/439] Загрузка whatsnew/2.3.html
2026-02-18 12:53:59 | INFO     | Сохранено: whatsnew/2.3.html -> 04_WHATSNEW\2.3.md
2026-02-18 12:53:59 | DEBUG    | [419/439] Загрузка whatsnew/2.4.html
2026-02-18 12:54:00 | INFO     | Сохранено: whatsnew/2.4.html -> 04_WHATSNEW\2.4.md
2026-02-18 12:54:00 | DEBUG    | [420/439] Загрузка whatsnew/2.5.html
2026-02-18 12:54:01 | INFO     | Сохранено: whatsnew/2.5.html -> 04_WHATSNEW\2.5.md
2026-02-18 12:54:01 | DEBUG    | [421/439] Загрузка whatsnew/2.6.html
2026-02-18 12:54:02 | INFO     | Сохранено: whatsnew/2.6.html -> 04_WHATSNEW\2.6.md
2026-02-18 12:54:02 | DEBUG    | [422/439] Загрузка whatsnew/2.7.html
2026-02-18 12:54:02 | INFO     | Сохранено: whatsnew/2.7.html -> 04_WHATSNEW\2.7.md
2026-02-18 12:54:02 | DEBUG    | [423/439] Загрузка whatsnew/3.0.html
2026-02-18 12:54:03 | INFO     | Сохранено: whatsnew/3.0.html -> 04_WHATSNEW\3.0.md
2026-02-18 12:54:03 | DEBUG    | [424/439] Загрузка whatsnew/3.1.html
2026-02-18 12:54:04 | INFO     | Сохранено: whatsnew/3.1.html -> 04_WHATSNEW\3.1.md
2026-02-18 12:54:04 | DEBUG    | [425/439] Загрузка whatsnew/3.10.html
2026-02-18 12:54:04 | INFO     | Сохранено: whatsnew/3.10.html -> 04_WHATSNEW\3.10.md
2026-02-18 12:54:04 | DEBUG    | [426/439] Загрузка whatsnew/3.11.html
2026-02-18 12:54:05 | INFO     | Сохранено: whatsnew/3.11.html -> 04_WHATSNEW\3.11.md
2026-02-18 12:54:05 | DEBUG    | [427/439] Загрузка whatsnew/3.12.html
2026-02-18 12:54:06 | INFO     | Сохранено: whatsnew/3.12.html -> 04_WHATSNEW\3.12.md
2026-02-18 12:54:06 | DEBUG    | [428/439] Загрузка whatsnew/3.13.html
2026-02-18 12:54:07 | INFO     | Сохранено: whatsnew/3.13.html -> 04_WHATSNEW\3.13.md
2026-02-18 12:54:07 | DEBUG    | [429/439] Загрузка whatsnew/3.14.html
2026-02-18 12:54:08 | INFO     | Сохранено: whatsnew/3.14.html -> 04_WHATSNEW\3.14.md
2026-02-18 12:54:08 | DEBUG    | [430/439] Загрузка whatsnew/3.2.html
2026-02-18 12:54:09 | INFO     | Сохранено: whatsnew/3.2.html -> 04_WHATSNEW\3.2.md
2026-02-18 12:54:09 | DEBUG    | [431/439] Загрузка whatsnew/3.3.html
2026-02-18 12:54:10 | INFO     | Сохранено: whatsnew/3.3.html -> 04_WHATSNEW\3.3.md
2026-02-18 12:54:10 | DEBUG    | [432/439] Загрузка whatsnew/3.4.html
2026-02-18 12:54:11 | INFO     | Сохранено: whatsnew/3.4.html -> 04_WHATSNEW\3.4.md
2026-02-18 12:54:11 | DEBUG    | [433/439] Загрузка whatsnew/3.5.html
2026-02-18 12:54:12 | INFO     | Сохранено: whatsnew/3.5.html -> 04_WHATSNEW\3.5.md
2026-02-18 12:54:12 | DEBUG    | [434/439] Загрузка whatsnew/3.6.html
2026-02-18 12:54:13 | INFO     | Сохранено: whatsnew/3.6.html -> 04_WHATSNEW\3.6.md
2026-02-18 12:54:13 | DEBUG    | [435/439] Загрузка whatsnew/3.7.html
2026-02-18 12:54:13 | INFO     | Сохранено: whatsnew/3.7.html -> 04_WHATSNEW\3.7.md
2026-02-18 12:54:13 | DEBUG    | [436/439] Загрузка whatsnew/3.8.html
2026-02-18 12:54:14 | INFO     | Сохранено: whatsnew/3.8.html -> 04_WHATSNEW\3.8.md
2026-02-18 12:54:14 | DEBUG    | [437/439] Загрузка whatsnew/3.9.html
2026-02-18 12:54:15 | INFO     | Сохранено: whatsnew/3.9.html -> 04_WHATSNEW\3.9.md
2026-02-18 12:54:15 | DEBUG    | [438/439] Загрузка whatsnew/changelog.html
2026-02-18 12:54:22 | INFO     | Сохранено: whatsnew/changelog.html -> 04_WHATSNEW\changelog.md
2026-02-18 12:54:22 | DEBUG    | [439/439] Загрузка whatsnew/index.html
2026-02-18 12:54:23 | INFO     | Сохранено: whatsnew/index.html -> 04_WHATSNEW\index.md
2026-02-18 12:54:23 | INFO     | === Загрузка завершена ===
2026-02-18 12:54:23 | INFO     | Успешно: 462, Ошибок: 0
2026-02-18 13:21:13 | INFO     | === Запуск загрузки документации Python ===
2026-02-18 13:21:13 | INFO     | Каталог вывода: C:\Users\idv\Work\AI_Docs_Generator\AI_Docs_Generator\docs\00_PYTHON
2026-02-18 13:21:13 | INFO     | Файл состояния: C:\Users\idv\Work\AI_Docs_Generator\AI_Docs_Generator\docs\00_PYTHON\.fetch_state.json
2026-02-18 13:21:13 | INFO     | Загрузка оглавления: https://docs.python.org/3/contents.html
2026-02-18 13:21:14 | INFO     | Найдено страниц для загрузки: 462
2026-02-18 13:21:14 | INFO     | К пропуску (уже загружено): 462
2026-02-18 13:21:14 | INFO     | К загрузке: 0
2026-02-18 13:21:14 | INFO     | === Загрузка завершена ===
2026-02-18 13:21:14 | INFO     | Успешно: 462, Ошибок: 0
2026-02-18 13:28:37 | INFO     | === Запуск загрузки документации Python ===
2026-02-18 13:28:37 | INFO     | Каталог вывода: C:\Users\idv\Work\AI_Docs_Generator\AI_Docs_Generator\docs\00_PYTHON
2026-02-18 13:28:37 | INFO     | Файл состояния: C:\Users\idv\Work\AI_Docs_Generator\AI_Docs_Generator\docs\00_PYTHON\.fetch_state.json
2026-02-18 13:28:37 | INFO     | Загрузка оглавления: https://docs.python.org/3/contents.html
2026-02-18 13:28:39 | INFO     | Найдено страниц для загрузки: 462
2026-02-18 13:28:39 | INFO     | К пропуску (уже загружено): 462
2026-02-18 13:28:39 | INFO     | К загрузке: 0
2026-02-18 13:28:39 | INFO     | === Загрузка завершена ===
2026-02-18 13:28:39 | INFO     | Успешно: 462, Ошибок: 0
2026-02-18 13:29:25 | INFO     | === Запуск загрузки документации Python ===
2026-02-18 13:29:25 | INFO     | Каталог вывода: C:\Users\idv\Work\AI_Docs_Generator\AI_Docs_Generator\docs\00_PYTHON
2026-02-18 13:29:25 | INFO     | Файл состояния: C:\Users\idv\Work\AI_Docs_Generator\AI_Docs_Generator\docs\00_PYTHON\.fetch_state.json
2026-02-18 13:29:25 | INFO     | Загрузка оглавления: https://docs.python.org/3/contents.html
2026-02-18 13:29:26 | INFO     | Найдено страниц для загрузки: 462
2026-02-18 13:29:26 | INFO     | К пропуску (уже загружено): 462
2026-02-18 13:29:26 | INFO     | К загрузке: 0
2026-02-18 13:29:26 | INFO     | === Загрузка завершена ===
2026-02-18 13:29:26 | INFO     | Успешно: 462, Ошибок: 0
